TN:
SF:C:\Users\cryptosmith\Documents\Clarity-Projects\Stacks-Grant\v5/contracts/sbtc-registry.clar
FN:86,get-withdrawal-request
FN:97,get-completed-withdrawal-sweep-data
FN:103,get-completed-deposit
FN:109,get-deposit-status
FN:115,get-current-signer-data
FN:126,get-current-aggregate-pubkey
FN:132,get-current-signer-principal
FN:136,get-current-signer-set
FN:140,get-active-protocol
FN:346,increment-last-withdrawal-request-id
FN:357,is-protocol-caller
FN:156,create-withdrawal-request
FN:194,complete-withdrawal-accept
FN:233,complete-withdrawal-reject
FN:257,complete-deposit
FN:291,rotate-keys
FN:323,update-protocol-contract
FNF:17
FNH:0
DA:23,1
DA:26,1
DA:86,0
DA:87,0
DA:88,0
DA:89,0
DA:91,0
DA:97,0
DA:98,0
DA:103,0
DA:104,0
DA:109,0
DA:110,0
DA:115,0
DA:117,0
DA:118,0
DA:119,0
DA:120,0
DA:126,0
DA:127,0
DA:132,0
DA:133,0
DA:136,0
DA:137,0
DA:140,0
DA:141,0
DA:156,0
DA:163,0
DA:165,0
DA:167,0
DA:169,0
DA:170,0
DA:171,0
DA:172,0
DA:173,0
DA:174,0
DA:176,0
DA:177,0
DA:178,0
DA:179,0
DA:180,0
DA:181,0
DA:182,0
DA:183,0
DA:185,0
DA:194,0
DA:204,0
DA:205,0
DA:207,0
DA:208,0
DA:209,0
DA:210,0
DA:211,0
DA:213,0
DA:214,0
DA:215,0
DA:216,0
DA:217,0
DA:218,0
DA:219,0
DA:220,0
DA:221,0
DA:222,0
DA:224,0
DA:233,0
DA:237,0
DA:238,0
DA:240,0
DA:241,0
DA:242,0
DA:243,0
DA:244,0
DA:246,0
DA:257,0
DA:266,0
DA:267,0
DA:268,0
DA:269,0
DA:270,0
DA:271,0
DA:272,0
DA:273,0
DA:274,0
DA:276,0
DA:277,0
DA:278,0
DA:279,0
DA:280,0
DA:281,0
DA:282,0
DA:283,0
DA:285,0
DA:291,0
DA:297,0
DA:299,0
DA:301,0
DA:303,0
DA:305,0
DA:307,0
DA:309,0
DA:310,0
DA:311,0
DA:312,0
DA:313,0
DA:314,0
DA:315,0
DA:317,0
DA:323,0
DA:327,0
DA:329,0
DA:331,0
DA:333,0
DA:334,0
DA:335,0
DA:336,0
DA:337,0
DA:339,0
DA:346,0
DA:347,0
DA:349,0
DA:351,0
DA:352,0
DA:357,0
DA:358,0
DA:360,0
DA:362,0
DA:363,0
BRF:5
BRH:0
BRDA:88,206,0,0
BRDA:91,206,1,0
BRDA:301,770,0,0
BRDA:360,378,0,0
BRDA:362,390,0,0
end_of_record
SF:C:\Users\cryptosmith\Documents\Clarity-Projects\Stacks-Grant\v5/contracts/sbtc-token.clar
FN:14,protocol-lock
FN:22,protocol-unlock
FN:30,protocol-mint
FN:37,protocol-burn
FN:44,protocol-burn-locked
FN:51,protocol-set-name
FN:58,protocol-set-symbol
FN:65,protocol-set-token-uri
FN:72,protocol-mint-many-iter
FN:76,protocol-mint-many
FN:119,transfer
FN:93,transfer-many-iter
FN:84,transfer-many
FN:128,get-name
FN:132,get-symbol
FN:136,get-decimals
FN:140,get-balance
FN:144,get-balance-available
FN:148,get-balance-locked
FN:152,get-total-supply
FN:156,get-token-uri
FNF:21
FNH:0
DA:14,0
DA:15,0
DA:16,0
DA:17,0
DA:18,0
DA:22,0
DA:23,0
DA:24,0
DA:25,0
DA:26,0
DA:30,0
DA:31,0
DA:32,0
DA:33,0
DA:37,0
DA:38,0
DA:39,0
DA:40,0
DA:44,0
DA:45,0
DA:46,0
DA:47,0
DA:51,0
DA:52,0
DA:53,0
DA:54,0
DA:58,0
DA:59,0
DA:60,0
DA:61,0
DA:65,0
DA:66,0
DA:67,0
DA:68,0
DA:72,0
DA:73,0
DA:76,0
DA:77,0
DA:78,0
DA:79,0
DA:84,0
DA:90,0
DA:93,0
DA:100,0
DA:102,0
DA:103,0
DA:104,0
DA:105,0
DA:106,0
DA:107,0
DA:108,0
DA:109,0
DA:110,0
DA:113,0
DA:119,0
DA:120,0
DA:121,0
DA:122,0
DA:123,0
DA:124,0
DA:128,0
DA:129,0
DA:132,0
DA:133,0
DA:136,0
DA:137,0
DA:140,0
DA:141,0
DA:144,0
DA:145,0
DA:148,0
DA:149,0
DA:152,0
DA:153,0
DA:156,0
DA:157,0
BRF:7
BRH:0
BRDA:102,449,0,0
BRDA:113,449,1,0
BRDA:121,387,0,0
BRDA:121,389,0,0
BRDA:121,389,1,0
BRDA:123,408,0,0
BRDA:123,408,1,0
end_of_record
SF:C:\Users\cryptosmith\Documents\Clarity-Projects\Stacks-Grant\v5/contracts/sim-pox-4.clar
FN:93,set-burnchain-parameters
FN:266,burn-height-to-reward-cycle
FN:270,reward-cycle-to-burn-height
FN:274,current-pox-reward-cycle
FN:279,get-stacker-info
FN:292,check-caller-allowed
FN:307,get-check-delegation
FN:323,get-reward-set-size
FN:332,append-reward-cycle-pox-addr
FN:347,get-total-ustx-stacked
FN:355,get-reward-set-pox-address
FN:366,add-pox-addr-to-ith-reward-cycle
FN:412,add-pox-addr-to-reward-cycles
FN:429,add-pox-partial-stacked-to-ith-cycle
FN:459,add-pox-partial-stacked
FN:470,get-stacking-minimum
FN:474,check-pox-addr-version
FN:478,check-pox-addr-hashbytes
FN:486,check-pox-lock-period
FN:509,minimal-can-stack-stx
FN:494,can-stack-stx
FN:534,disallow-contract-caller
FN:544,allow-contract-caller
FN:691,get-signer-key-message-hash
FN:735,verify-signer-key-sig
FN:772,consume-signer-key-authorization
FN:571,stack-stx
FN:626,revoke-delegate-stx
FN:642,delegate-stx
FN:802,inner-stack-aggregation-commit
FN:847,stack-aggregation-commit
FN:859,stack-aggregation-commit-indexed
FN:879,stack-aggregation-increase
FN:959,delegate-stack-stx
FN:1029,get-pox-info
FN:1044,increase-reward-cycle-entry
FN:1088,stack-increase
FN:1150,stack-extend
FN:1236,delegate-stack-increase
FN:1324,delegate-stack-extend
FN:1431,set-signer-key-authorization
FN:1457,get-delegation-info
FN:1466,get-allowance-contract-callers
FN:1472,get-num-reward-set-pox-addresses
FN:1482,get-partial-stacked-by-cycle
FNDA:4,allow-contract-caller
FNDA:5,burn-height-to-reward-cycle
FNDA:5,current-pox-reward-cycle
FNDA:5,get-pox-info
FNDA:5,get-stacking-minimum
FNF:45
FNH:5
DA:93,0
DA:97,0
DA:98,0
DA:99,0
DA:100,0
DA:101,0
DA:102,0
DA:103,0
DA:104,0
DA:266,1
DA:267,5
DA:270,0
DA:271,0
DA:274,1
DA:275,5
DA:279,0
DA:280,0
DA:282,0
DA:284,0
DA:286,0
DA:289,0
DA:292,0
DA:293,0
DA:294,0
DA:296,0
DA:297,0
DA:298,0
DA:299,0
DA:301,0
DA:303,0
DA:304,0
DA:305,0
DA:307,0
DA:308,0
DA:310,0
DA:311,0
DA:312,0
DA:314,0
DA:316,0
DA:323,0
DA:324,0
DA:325,0
DA:326,0
DA:332,0
DA:337,0
DA:338,0
DA:339,0
DA:340,0
DA:341,0
DA:342,0
DA:343,0
DA:344,0
DA:347,0
DA:348,0
DA:349,0
DA:350,0
DA:355,0
DA:356,0
DA:366,0
DA:375,0
DA:376,0
DA:377,0
DA:378,0
DA:379,0
DA:380,0
DA:382,0
DA:383,0
DA:384,0
DA:385,0
DA:386,0
DA:387,0
DA:390,0
DA:391,0
DA:392,0
DA:393,0
DA:394,0
DA:395,0
DA:397,0
DA:398,0
DA:399,0
DA:400,0
DA:401,0
DA:402,0
DA:403,0
DA:404,0
DA:405,0
DA:406,0
DA:412,0
DA:418,0
DA:419,0
DA:420,0
DA:421,0
DA:422,0
DA:425,0
DA:426,0
DA:427,0
DA:429,0
DA:435,0
DA:436,0
DA:437,0
DA:438,0
DA:439,0
DA:440,0
DA:441,0
DA:442,0
DA:443,0
DA:445,0
DA:447,0
DA:448,0
DA:449,0
DA:451,0
DA:452,0
DA:453,0
DA:454,0
DA:459,0
DA:463,0
DA:464,0
DA:465,0
DA:466,0
DA:470,1
DA:471,5
DA:474,0
DA:475,0
DA:478,0
DA:479,0
DA:480,0
DA:481,0
DA:482,0
DA:483,0
DA:486,0
DA:487,0
DA:488,0
DA:494,0
DA:498,0
DA:500,0
DA:501,0
DA:503,0
DA:509,0
DA:514,0
DA:516,0
DA:517,0
DA:520,0
DA:521,0
DA:524,0
DA:525,0
DA:528,0
DA:529,0
DA:531,0
DA:534,0
DA:535,0
DA:536,0
DA:537,0
DA:538,0
DA:544,1
DA:545,4
DA:546,4
DA:547,0
DA:548,4
DA:549,4
DA:550,4
DA:571,0
DA:580,0
DA:581,0
DA:584,0
DA:585,0
DA:588,0
DA:589,0
DA:592,0
DA:593,0
DA:596,0
DA:597,0
DA:600,0
DA:601,0
DA:604,0
DA:607,0
DA:610,0
DA:612,0
DA:613,0
DA:614,0
DA:615,0
DA:616,0
DA:617,0
DA:618,0
DA:621,0
DA:626,0
DA:627,0
DA:629,0
DA:630,0
DA:631,0
DA:632,0
DA:633,0
DA:642,0
DA:647,0
DA:649,0
DA:650,0
DA:661,0
DA:663,0
DA:664,0
DA:665,0
DA:667,0
DA:669,0
DA:670,0
DA:671,0
DA:674,0
DA:675,0
DA:678,0
DA:679,0
DA:680,0
DA:681,0
DA:682,0
DA:683,0
DA:685,0
DA:691,0
DA:697,0
DA:698,0
DA:699,0
DA:700,0
DA:701,0
DA:702,0
DA:703,0
DA:704,0
DA:705,0
DA:706,0
DA:707,0
DA:708,0
DA:735,0
DA:744,0
DA:746,0
DA:747,0
DA:748,0
DA:749,0
DA:751,0
DA:752,0
DA:753,0
DA:754,0
DA:755,0
DA:756,0
DA:757,0
DA:759,0
DA:760,0
DA:761,0
DA:772,0
DA:781,0
DA:783,0
DA:785,0
DA:786,0
DA:787,0
DA:788,0
DA:802,0
DA:808,0
DA:810,0
DA:811,0
DA:813,0
DA:814,0
DA:815,0
DA:816,0
DA:817,0
DA:820,0
DA:821,0
DA:822,0
DA:823,0
DA:824,0
DA:825,0
DA:826,0
DA:827,0
DA:828,0
DA:829,0
DA:830,0
DA:831,0
DA:832,0
DA:839,0
DA:840,0
DA:841,0
DA:847,0
DA:853,0
DA:854,0
DA:855,0
DA:859,0
DA:865,0
DA:879,0
DA:886,0
DA:888,0
DA:889,0
DA:892,0
DA:893,0
DA:896,0
DA:897,0
DA:899,0
DA:901,0
DA:902,0
DA:905,0
DA:906,0
DA:907,0
DA:908,0
DA:911,0
DA:914,0
DA:915,0
DA:918,0
DA:919,0
DA:922,0
DA:923,0
DA:926,0
DA:929,0
DA:933,0
DA:936,0
DA:937,0
DA:938,0
DA:939,0
DA:940,0
DA:941,0
DA:944,0
DA:945,0
DA:946,0
DA:953,0
DA:954,0
DA:955,0
DA:959,0
DA:965,0
DA:966,0
DA:967,0
DA:970,0
DA:971,0
DA:974,0
DA:975,0
DA:978,0
DA:980,0
DA:981,0
DA:983,0
DA:984,0
DA:986,0
DA:987,0
DA:988,0
DA:989,0
DA:991,0
DA:992,0
DA:993,0
DA:994,0
DA:995,0
DA:999,0
DA:1000,0
DA:1003,0
DA:1004,0
DA:1007,0
DA:1011,0
DA:1014,0
DA:1015,0
DA:1016,0
DA:1017,0
DA:1018,0
DA:1019,0
DA:1020,0
DA:1023,0
DA:1024,0
DA:1025,0
DA:1029,1
DA:1030,5
DA:1031,5
DA:1032,5
DA:1033,5
DA:1034,5
DA:1035,5
DA:1036,5
DA:1044,0
DA:1047,0
DA:1048,0
DA:1049,0
DA:1050,0
DA:1051,0
DA:1053,0
DA:1054,0
DA:1055,0
DA:1056,0
DA:1057,0
DA:1058,0
DA:1060,0
DA:1062,0
DA:1064,0
DA:1065,0
DA:1066,0
DA:1068,0
DA:1069,0
DA:1070,0
DA:1072,0
DA:1073,0
DA:1074,0
DA:1075,0
DA:1076,0
DA:1077,0
DA:1078,0
DA:1079,0
DA:1088,0
DA:1094,0
DA:1095,0
DA:1096,0
DA:1097,0
DA:1098,0
DA:1099,0
DA:1100,0
DA:1101,0
DA:1102,0
DA:1103,0
DA:1104,0
DA:1106,0
DA:1107,0
DA:1109,0
DA:1110,0
DA:1112,0
DA:1113,0
DA:1115,0
DA:1116,0
DA:1118,0
DA:1119,0
DA:1121,0
DA:1122,0
DA:1125,0
DA:1128,0
DA:1131,0
DA:1132,0
DA:1133,0
DA:1134,0
DA:1135,0
DA:1136,0
DA:1137,0
DA:1138,0
DA:1140,0
DA:1150,0
DA:1156,0
DA:1158,0
DA:1159,0
DA:1160,0
DA:1161,0
DA:1163,0
DA:1165,0
DA:1166,0
DA:1169,0
DA:1170,0
DA:1173,0
DA:1174,0
DA:1177,0
DA:1178,0
DA:1181,0
DA:1183,0
DA:1184,0
DA:1185,0
DA:1188,0
DA:1190,0
DA:1193,0
DA:1194,0
DA:1197,0
DA:1198,0
DA:1201,0
DA:1202,0
DA:1205,0
DA:1209,0
DA:1210,0
DA:1212,0
DA:1213,0
DA:1216,0
DA:1217,0
DA:1218,0
DA:1220,0
DA:1221,0
DA:1222,0
DA:1223,0
DA:1224,0
DA:1225,0
DA:1226,0
DA:1229,0
DA:1236,0
DA:1240,0
DA:1241,0
DA:1242,0
DA:1243,0
DA:1246,0
DA:1247,0
DA:1249,0
DA:1250,0
DA:1251,0
DA:1252,0
DA:1253,0
DA:1254,0
DA:1255,0
DA:1256,0
DA:1257,0
DA:1258,0
DA:1259,0
DA:1262,0
DA:1263,0
DA:1266,0
DA:1267,0
DA:1270,0
DA:1271,0
DA:1272,0
DA:1273,0
DA:1276,0
DA:1277,0
DA:1280,0
DA:1281,0
DA:1284,0
DA:1285,0
DA:1286,0
DA:1287,0
DA:1288,0
DA:1290,0
DA:1291,0
DA:1293,0
DA:1294,0
DA:1296,0
DA:1297,0
DA:1298,0
DA:1299,0
DA:1301,0
DA:1303,0
DA:1304,0
DA:1305,0
DA:1308,0
DA:1312,0
DA:1317,0
DA:1324,0
DA:1328,0
DA:1330,0
DA:1331,0
DA:1332,0
DA:1334,0
DA:1335,0
DA:1337,0
DA:1338,0
DA:1341,0
DA:1342,0
DA:1344,0
DA:1345,0
DA:1346,0
DA:1349,0
DA:1351,0
DA:1354,0
DA:1355,0
DA:1358,0
DA:1359,0
DA:1362,0
DA:1363,0
DA:1364,0
DA:1365,0
DA:1368,0
DA:1369,0
DA:1372,0
DA:1373,0
DA:1376,0
DA:1378,0
DA:1379,0
DA:1381,0
DA:1382,0
DA:1384,0
DA:1385,0
DA:1386,0
DA:1387,0
DA:1389,0
DA:1390,0
DA:1391,0
DA:1392,0
DA:1393,0
DA:1397,0
DA:1401,0
DA:1403,0
DA:1404,0
DA:1405,0
DA:1406,0
DA:1407,0
DA:1408,0
DA:1409,0
DA:1412,0
DA:1413,0
DA:1431,0
DA:1439,0
DA:1441,0
DA:1442,0
DA:1444,0
DA:1445,0
DA:1446,0
DA:1448,0
DA:1450,0
DA:1451,0
DA:1452,0
DA:1457,0
DA:1458,0
DA:1466,0
DA:1467,0
DA:1472,0
DA:1473,0
DA:1475,0
DA:1476,0
DA:1482,0
DA:1483,0
BRF:145
BRH:0
BRDA:98,268,0,0
BRDA:282,657,0,0
BRDA:284,668,0,0
BRDA:286,668,1,0
BRDA:289,657,1,0
BRDA:293,693,0,0
BRDA:294,693,1,0
BRDA:304,727,0,0
BRDA:305,727,1,0
BRDA:311,759,0,0
BRDA:312,759,1,0
BRDA:314,757,0,0
BRDA:316,757,1,0
BRDA:379,1004,0,0
BRDA:394,1004,1,0
BRDA:395,1064,0,0
BRDA:395,1064,1,0
BRDA:404,1112,0,0
BRDA:405,1112,1,0
BRDA:425,1230,0,0
BRDA:426,1242,0,0
BRDA:445,1342,0,0
BRDA:447,1342,1,0
BRDA:480,1490,0,0
BRDA:481,1490,1,0
BRDA:482,1504,0,0
BRDA:483,1504,1,0
BRDA:487,1526,0,0
BRDA:488,1526,1,0
BRDA:501,1640,0,0
BRDA:517,1565,0,0
BRDA:521,1574,0,0
BRDA:525,1582,0,0
BRDA:529,1593,0,0
BRDA:537,1665,0,0
BRDA:547,1701,0,0
BRDA:585,2136,0,0
BRDA:589,2145,0,0
BRDA:593,2152,0,0
BRDA:597,2162,0,0
BRDA:601,2172,0,0
BRDA:630,2280,0,0
BRDA:631,2287,0,0
BRDA:632,2295,0,0
BRDA:650,2344,0,0
BRDA:663,2351,0,0
BRDA:664,2355,0,0
BRDA:665,2351,1,0
BRDA:669,2367,0,0
BRDA:670,2371,0,0
BRDA:671,2367,1,0
BRDA:675,2387,0,0
BRDA:746,1865,0,0
BRDA:748,1874,0,0
BRDA:751,1907,0,0
BRDA:757,1913,0,0
BRDA:759,1907,1,0
BRDA:761,1939,0,0
BRDA:787,2038,0,0
BRDA:814,2485,0,0
BRDA:854,2639,0,0
BRDA:855,2639,1,0
BRDA:893,2770,0,0
BRDA:897,2777,0,0
BRDA:915,2858,0,0
BRDA:919,2868,0,0
BRDA:923,2879,0,0
BRDA:926,2891,0,0
BRDA:929,2900,0,0
BRDA:971,3050,0,0
BRDA:975,3059,0,0
BRDA:981,3079,0,0
BRDA:984,3091,0,0
BRDA:987,3105,0,0
BRDA:988,3105,1,0
BRDA:989,3103,0,0
BRDA:992,3122,0,0
BRDA:994,3122,1,0
BRDA:995,3120,0,0
BRDA:1000,3137,0,0
BRDA:1004,3147,0,0
BRDA:1053,3303,0,0
BRDA:1054,3303,1,0
BRDA:1060,3391,0,0
BRDA:1062,3406,0,0
BRDA:1107,3584,0,0
BRDA:1110,3593,0,0
BRDA:1113,3602,0,0
BRDA:1116,3611,0,0
BRDA:1119,3618,0,0
BRDA:1122,3632,0,0
BRDA:1125,3643,0,0
BRDA:1138,3668,0,0
BRDA:1166,3803,0,0
BRDA:1166,3803,1,0
BRDA:1170,3811,0,0
BRDA:1174,3820,0,0
BRDA:1178,3834,0,0
BRDA:1188,3887,0,0
BRDA:1190,3896,0,0
BRDA:1194,3905,0,0
BRDA:1198,3912,0,0
BRDA:1202,3921,0,0
BRDA:1247,4081,0,0
BRDA:1254,4118,0,0
BRDA:1255,4118,1,0
BRDA:1263,4157,0,0
BRDA:1267,4164,0,0
BRDA:1273,4178,0,0
BRDA:1277,4195,0,0
BRDA:1281,4204,0,0
BRDA:1291,4250,0,0
BRDA:1294,4259,0,0
BRDA:1297,4270,0,0
BRDA:1298,4270,1,0
BRDA:1299,4268,0,0
BRDA:1303,4284,0,0
BRDA:1304,4284,1,0
BRDA:1305,4282,0,0
BRDA:1338,4397,0,0
BRDA:1338,4397,1,0
BRDA:1342,4405,0,0
BRDA:1349,4443,0,0
BRDA:1351,4452,0,0
BRDA:1355,4461,0,0
BRDA:1359,4468,0,0
BRDA:1365,4482,0,0
BRDA:1369,4499,0,0
BRDA:1373,4507,0,0
BRDA:1379,4529,0,0
BRDA:1382,4541,0,0
BRDA:1385,4555,0,0
BRDA:1386,4555,1,0
BRDA:1387,4553,0,0
BRDA:1390,4572,0,0
BRDA:1392,4572,1,0
BRDA:1393,4570,0,0
BRDA:1442,4684,0,0
BRDA:1445,4699,0,0
BRDA:1445,4699,1,0
BRDA:1446,4691,0,0
BRDA:1448,4714,0,0
BRDA:1450,4723,0,0
BRDA:1475,4801,0,0
BRDA:1476,4801,1,0
end_of_record
SF:C:\Users\cryptosmith\Documents\Clarity-Projects\Stacks-Grant\v5/contracts/sim-pox-4-multi-pool-v1.clar
FN:81,delegate-stx-inner
FN:428,min
FN:404,get-delegated-amount
FN:439,max
FN:392,reward-cycle-to-burn-height
FN:408,not-locked-for-cycle
FN:200,maybe-extend-for-next-cycle
FN:151,delegate-stack-extend-increase
FN:103,lock-delegated-stx
FN:133,lock-delegated-stx-fold
FN:385,burn-height-to-reward-cycle
FN:399,current-pox-reward-cycle
FN:483,check-caller-allowed
FN:240,delegate-stx
FN:423,can-lock-now
FN:264,delegate-stack-stx
FN:275,delegate-stack-stx-many
FN:287,stack-aggregation-increase
FN:304,stack-aggregation-commit
FN:323,set-active
FN:332,set-pool-pox-address
FN:344,set-pool-pox-address-active
FN:357,set-stx-buffer
FN:366,set-reward-admin
FN:415,is-admin-enabled
FN:419,get-pool-pox-address
FN:457,allow-contract-caller
FN:472,disallow-contract-caller
FN:511,get-allowance-contract-callers
FNDA:4,allow-contract-caller
FNF:29
FNH:1
DA:42,1
DA:81,0
DA:86,0
DA:88,0
DA:89,0
DA:92,0
DA:93,0
DA:95,0
DA:96,0
DA:103,0
DA:104,0
DA:105,0
DA:106,0
DA:107,0
DA:108,0
DA:109,0
DA:110,0
DA:115,0
DA:116,0
DA:117,0
DA:120,0
DA:121,0
DA:122,0
DA:124,0
DA:125,0
DA:126,0
DA:127,0
DA:133,0
DA:144,0
DA:145,0
DA:151,0
DA:159,0
DA:160,0
DA:161,0
DA:163,0
DA:164,0
DA:165,0
DA:166,0
DA:168,0
DA:169,0
DA:170,0
DA:172,0
DA:173,0
DA:174,0
DA:175,0
DA:179,0
DA:180,0
DA:181,0
DA:183,0
DA:184,0
DA:185,0
DA:186,0
DA:188,0
DA:193,0
DA:200,0
DA:212,0
DA:213,0
DA:214,0
DA:216,0
DA:218,0
DA:219,0
DA:220,0
DA:223,0
DA:224,0
DA:225,0
DA:240,0
DA:244,0
DA:245,0
DA:246,0
DA:249,0
DA:250,0
DA:251,0
DA:252,0
DA:255,0
DA:257,0
DA:264,0
DA:265,0
DA:266,0
DA:268,0
DA:275,0
DA:276,0
DA:277,0
DA:278,0
DA:280,0
DA:282,0
DA:287,0
DA:295,0
DA:296,0
DA:297,0
DA:298,0
DA:304,0
DA:311,0
DA:312,0
DA:313,0
DA:314,0
DA:323,0
DA:324,0
DA:325,0
DA:326,0
DA:328,0
DA:332,0
DA:336,0
DA:337,0
DA:338,0
DA:340,0
DA:344,0
DA:348,0
DA:349,0
DA:350,0
DA:352,0
DA:353,0
DA:357,0
DA:358,0
DA:359,0
DA:360,0
DA:362,0
DA:366,0
DA:370,0
DA:371,0
DA:372,0
DA:374,0
DA:375,0
DA:385,0
DA:386,0
DA:387,0
DA:392,0
DA:393,0
DA:394,0
DA:399,0
DA:400,0
DA:404,0
DA:405,0
DA:408,0
DA:412,0
DA:415,0
DA:416,0
DA:419,0
DA:420,0
DA:423,0
DA:424,0
DA:428,0
DA:432,0
DA:433,0
DA:434,0
DA:439,0
DA:443,0
DA:444,0
DA:445,0
DA:457,1
DA:461,4
DA:462,4
DA:463,4
DA:464,4
DA:465,4
DA:466,4
DA:472,0
DA:473,0
DA:474,0
DA:475,0
DA:476,0
DA:477,0
DA:483,0
DA:484,0
DA:485,0
DA:486,0
DA:487,0
DA:489,0
DA:490,0
DA:491,0
DA:492,0
DA:494,0
DA:496,0
DA:498,0
DA:502,0
DA:511,0
DA:515,0
DA:516,0
DA:517,0
BRF:36
BRH:0
BRDA:95,147,0,0
BRDA:96,147,1,0
BRDA:116,531,0,0
BRDA:117,531,1,0
BRDA:120,548,0,0
BRDA:124,554,0,0
BRDA:125,554,1,0
BRDA:126,570,0,0
BRDA:127,570,1,0
BRDA:163,373,0,0
BRDA:165,380,0,0
BRDA:168,397,0,0
BRDA:170,405,0,0
BRDA:179,397,1,0
BRDA:183,437,0,0
BRDA:188,437,1,0
BRDA:193,380,1,0
BRDA:219,309,0,0
BRDA:223,309,1,0
BRDA:249,723,0,0
BRDA:266,782,0,0
BRDA:280,816,0,0
BRDA:326,941,0,0
BRDA:338,977,0,0
BRDA:350,1013,0,0
BRDA:360,1042,0,0
BRDA:372,1070,0,0
BRDA:374,1080,0,0
BRDA:433,180,0,0
BRDA:434,180,1,0
BRDA:444,216,0,0
BRDA:445,216,1,0
BRDA:462,1128,0,0
BRDA:474,1162,0,0
BRDA:485,663,0,0
BRDA:486,663,1,0
end_of_record
SF:C:\Users\cryptosmith\Documents\Clarity-Projects\Stacks-Grant\v5/contracts/stackspot-admin.clar
FN:20,add-update-admin-status
FN:33,update-public-pot-deploy-status
FN:46,is-admin
FN:50,can-deploy-pot
FN:60,add-pot-contract-hash
FN:76,is-contract-allowed-hash
FNDA:1,add-update-admin-status
FNF:6
FNH:1
DA:20,1
DA:21,2
DA:22,2
DA:23,2
DA:24,2
DA:25,2
DA:26,2
DA:27,2
DA:29,2
DA:33,0
DA:34,0
DA:35,0
DA:36,0
DA:37,0
DA:38,0
DA:39,0
DA:40,0
DA:42,0
DA:46,0
DA:47,0
DA:50,0
DA:51,0
DA:53,0
DA:54,0
DA:56,0
DA:60,0
DA:61,0
DA:63,0
DA:66,0
DA:67,0
DA:68,0
DA:69,0
DA:70,0
DA:72,0
DA:76,0
DA:77,0
DA:80,1
DA:81,1
BRF:5
BRH:0
BRDA:22,50,0,0
BRDA:35,87,0,0
BRDA:56,149,0,0
BRDA:56,149,1,0
BRDA:66,176,0,0
end_of_record
SF:C:\Users\cryptosmith\Documents\Clarity-Projects\Stacks-Grant\v5/contracts/stackspot-audited-contracts.clar
FN:14,update-audited-contract
FN:21,remove-audited-contract
FN:28,is-audited-contract
FNF:3
FNH:0
DA:14,0
DA:15,0
DA:16,0
DA:17,0
DA:21,0
DA:22,0
DA:23,0
DA:24,0
DA:28,0
DA:29,0
BRF:2
BRH:0
BRDA:16,32,0,0
BRDA:23,57,0,0
end_of_record
SF:C:\Users\cryptosmith\Documents\Clarity-Projects\Stacks-Grant\v5/contracts/stackspot-crowd-fund-pot.clar
FN:61,get-pool-config
FN:81,validate-can-join-pot
FN:86,validate-can-claim-pot
FN:96,validate-pot-value-target-is-met
FN:100,is-locked
FN:180,get-pot-participant-values
FN:104,get-pot-details
FN:133,get-pot-treasury
FN:139,get-pot-admin
FN:145,get-last-participant
FN:149,get-configs
FN:159,get-pot-value
FN:164,add-pot-value
FN:168,remove-pot-value
FN:173,get-by-id-helper
FN:176,get-by-id-helper-private
FN:185,get-pot-participants
FN:199,get-pot-id
FN:204,get-pot-starter-principal
FN:209,get-pot-claimer-principal
FN:214,get-random-index
FN:224,delegate-to-pot
FN:276,join-pot
FN:295,cancel-pot
FN:319,start-stackspot-jackpot
FN:362,claim-pot-reward
FN:446,get-pot-cycle
FN:447,get-pot-min-amount
FN:448,get-pot-max-participants
FN:449,get-pot-name
FN:450,get-pot-type
FN:451,get-pot-origin-contract-sha-hash
FN:452,get-pot-reward-token
FN:459,init-pot
FNDA:1,init-pot
FNF:34
FNH:1
DA:61,0
DA:62,0
DA:64,0
DA:65,0
DA:66,0
DA:67,0
DA:68,0
DA:69,0
DA:71,0
DA:72,0
DA:73,0
DA:74,0
DA:75,0
DA:81,0
DA:82,0
DA:86,0
DA:87,0
DA:88,0
DA:89,0
DA:91,0
DA:96,0
DA:97,0
DA:100,0
DA:101,0
DA:104,0
DA:105,0
DA:107,0
DA:108,0
DA:109,0
DA:110,0
DA:112,0
DA:114,0
DA:116,0
DA:117,0
DA:118,0
DA:119,0
DA:120,0
DA:121,0
DA:133,0
DA:134,0
DA:139,0
DA:140,0
DA:145,0
DA:146,0
DA:149,0
DA:151,0
DA:152,0
DA:153,0
DA:159,0
DA:160,0
DA:164,0
DA:165,0
DA:168,0
DA:169,0
DA:173,0
DA:174,0
DA:176,0
DA:177,0
DA:180,0
DA:181,0
DA:185,0
DA:186,0
DA:187,0
DA:188,0
DA:189,0
DA:190,0
DA:191,0
DA:194,0
DA:199,0
DA:200,0
DA:204,0
DA:205,0
DA:209,0
DA:210,0
DA:214,0
DA:215,0
DA:217,0
DA:219,0
DA:224,0
DA:225,0
DA:227,0
DA:228,0
DA:229,0
DA:230,0
DA:231,0
DA:234,0
DA:236,0
DA:237,0
DA:238,0
DA:239,0
DA:241,0
DA:242,0
DA:244,0
DA:245,0
DA:246,0
DA:250,0
DA:251,0
DA:254,0
DA:257,0
DA:260,0
DA:261,0
DA:262,0
DA:263,0
DA:264,0
DA:268,0
DA:271,0
DA:276,0
DA:277,0
DA:283,0
DA:284,0
DA:286,0
DA:288,0
DA:289,0
DA:290,0
DA:291,0
DA:295,0
DA:296,0
DA:297,0
DA:298,0
DA:299,0
DA:302,0
DA:305,0
DA:308,0
DA:309,0
DA:310,0
DA:314,0
DA:319,0
DA:320,0
DA:323,0
DA:325,0
DA:327,0
DA:329,0
DA:332,0
DA:335,0
DA:338,0
DA:341,0
DA:344,0
DA:345,0
DA:346,0
DA:347,0
DA:348,0
DA:349,0
DA:350,0
DA:351,0
DA:352,0
DA:353,0
DA:357,0
DA:362,0
DA:363,0
DA:366,0
DA:372,0
DA:373,0
DA:375,0
DA:376,0
DA:378,0
DA:379,0
DA:381,0
DA:382,0
DA:384,0
DA:385,0
DA:387,0
DA:388,0
DA:391,0
DA:392,0
DA:395,0
DA:398,0
DA:401,0
DA:404,0
DA:407,0
DA:409,0
DA:411,0
DA:412,0
DA:413,0
DA:414,0
DA:416,0
DA:418,0
DA:419,0
DA:421,0
DA:422,0
DA:424,0
DA:425,0
DA:426,0
DA:428,0
DA:429,0
DA:430,0
DA:431,0
DA:432,0
DA:433,0
DA:435,0
DA:436,0
DA:437,0
DA:438,0
DA:439,0
DA:442,0
DA:446,0
DA:447,0
DA:448,0
DA:449,0
DA:450,0
DA:451,0
DA:452,0
DA:454,1
DA:455,1
DA:459,1
DA:460,1
DA:461,1
DA:462,1
DA:463,1
DA:464,1
DA:465,1
DA:466,1
DA:467,1
DA:468,1
DA:469,1
DA:471,0
DA:473,1
DA:475,1
DA:488,1
DA:491,1
BRF:30
BRH:1
BRDA:91,384,0,0
BRDA:190,681,0,0
BRDA:191,681,1,0
BRDA:234,786,0,0
BRDA:236,793,0,0
BRDA:237,802,0,0
BRDA:238,811,0,0
BRDA:239,820,0,0
BRDA:242,828,0,0
BRDA:246,835,0,0
BRDA:254,861,0,0
BRDA:283,910,0,0
BRDA:284,918,0,0
BRDA:289,931,0,0
BRDA:290,931,1,0
BRDA:297,958,0,0
BRDA:298,966,0,0
BRDA:299,981,0,0
BRDA:323,1030,0,0
BRDA:325,1038,0,0
BRDA:327,1043,0,0
BRDA:329,1051,0,0
BRDA:382,1235,0,0
BRDA:382,1235,1,0
BRDA:385,1254,0,0
BRDA:385,1254,1,0
BRDA:391,1282,0,0
BRDA:392,1287,0,0
BRDA:462,1534,0,1
BRDA:471,1534,1,0
end_of_record
SF:C:\Users\cryptosmith\Documents\Clarity-Projects\Stacks-Grant\v5/contracts/stackspot-cryptonauts.clar
FN:62,get-pool-config
FN:82,validate-can-join-pot
FN:87,validate-can-claim-pot
FN:96,is-locked
FN:176,get-pot-participant-values
FN:100,get-pot-details
FN:129,get-pot-treasury
FN:135,get-pot-admin
FN:141,get-last-participant
FN:145,get-configs
FN:155,get-pot-value
FN:160,add-pot-value
FN:164,remove-pot-value
FN:169,get-by-id-helper
FN:172,get-by-id-helper-private
FN:181,get-pot-participants
FN:195,get-pot-id
FN:200,get-pot-starter-principal
FN:205,get-pot-claimer-principal
FN:210,delegate-to-pot
FN:264,reset-map-values
FN:279,reset-pot-values
FN:294,join-pot
FN:313,cancel-pot
FN:338,start-stackspot-jackpot
FN:381,cryptonauts-pay-winner
FN:478,get-pot-cycle
FN:479,get-pot-min-amount
FN:480,get-pot-max-participants
FN:481,get-pot-name
FN:482,get-pot-type
FN:483,get-pot-origin-contract-sha-hash
FN:484,get-pot-reward-token
FN:491,init-pot
FNDA:1,init-pot
FNF:34
FNH:1
DA:62,0
DA:63,0
DA:65,0
DA:66,0
DA:67,0
DA:68,0
DA:69,0
DA:70,0
DA:72,0
DA:73,0
DA:74,0
DA:75,0
DA:76,0
DA:82,0
DA:83,0
DA:87,0
DA:88,0
DA:89,0
DA:90,0
DA:92,0
DA:96,0
DA:97,0
DA:100,0
DA:101,0
DA:103,0
DA:104,0
DA:105,0
DA:106,0
DA:108,0
DA:110,0
DA:112,0
DA:113,0
DA:114,0
DA:115,0
DA:116,0
DA:117,0
DA:129,0
DA:130,0
DA:135,0
DA:136,0
DA:141,0
DA:142,0
DA:145,0
DA:147,0
DA:148,0
DA:149,0
DA:155,0
DA:156,0
DA:160,0
DA:161,0
DA:164,0
DA:165,0
DA:169,0
DA:170,0
DA:172,0
DA:173,0
DA:176,0
DA:177,0
DA:181,0
DA:182,0
DA:183,0
DA:184,0
DA:185,0
DA:186,0
DA:187,0
DA:190,0
DA:195,0
DA:196,0
DA:200,0
DA:201,0
DA:205,0
DA:206,0
DA:210,0
DA:211,0
DA:213,0
DA:214,0
DA:215,0
DA:216,0
DA:217,0
DA:220,0
DA:222,0
DA:223,0
DA:224,0
DA:225,0
DA:227,0
DA:228,0
DA:232,0
DA:233,0
DA:234,0
DA:236,0
DA:237,0
DA:242,0
DA:245,0
DA:248,0
DA:249,0
DA:250,0
DA:251,0
DA:252,0
DA:256,0
DA:259,0
DA:264,0
DA:265,0
DA:267,0
DA:268,0
DA:269,0
DA:271,0
DA:272,0
DA:273,0
DA:279,0
DA:280,0
DA:282,0
DA:283,0
DA:284,0
DA:285,0
DA:286,0
DA:287,0
DA:288,0
DA:289,0
DA:294,0
DA:295,0
DA:301,0
DA:302,0
DA:304,0
DA:306,0
DA:307,0
DA:308,0
DA:309,0
DA:313,0
DA:314,0
DA:315,0
DA:316,0
DA:317,0
DA:318,0
DA:321,0
DA:324,0
DA:325,0
DA:326,0
DA:330,0
DA:333,0
DA:338,0
DA:339,0
DA:342,0
DA:344,0
DA:346,0
DA:348,0
DA:351,0
DA:354,0
DA:357,0
DA:360,0
DA:363,0
DA:364,0
DA:365,0
DA:366,0
DA:367,0
DA:368,0
DA:369,0
DA:370,0
DA:371,0
DA:372,0
DA:376,0
DA:381,0
DA:382,0
DA:385,0
DA:391,0
DA:392,0
DA:393,0
DA:395,0
DA:396,0
DA:398,0
DA:399,0
DA:401,0
DA:402,0
DA:404,0
DA:405,0
DA:407,0
DA:408,0
DA:409,0
DA:410,0
DA:413,0
DA:416,0
DA:417,0
DA:420,0
DA:423,0
DA:426,0
DA:429,0
DA:432,0
DA:434,0
DA:436,0
DA:437,0
DA:438,0
DA:439,0
DA:441,0
DA:443,0
DA:444,0
DA:446,0
DA:447,0
DA:449,0
DA:450,0
DA:451,0
DA:453,0
DA:454,0
DA:455,0
DA:456,0
DA:457,0
DA:458,0
DA:460,0
DA:461,0
DA:462,0
DA:463,0
DA:464,0
DA:468,0
DA:471,0
DA:474,0
DA:478,0
DA:479,0
DA:480,0
DA:481,0
DA:482,0
DA:483,0
DA:484,0
DA:486,1
DA:487,1
DA:491,1
DA:492,1
DA:493,1
DA:494,1
DA:495,1
DA:496,1
DA:497,1
DA:498,1
DA:499,1
DA:500,1
DA:502,0
DA:504,1
DA:506,1
DA:518,1
DA:521,1
BRF:29
BRH:1
BRDA:92,388,0,0
BRDA:186,668,0,0
BRDA:187,668,1,0
BRDA:220,747,0,0
BRDA:222,754,0,0
BRDA:223,763,0,0
BRDA:224,772,0,0
BRDA:225,781,0,0
BRDA:228,789,0,0
BRDA:233,796,0,0
BRDA:234,796,1,0
BRDA:242,846,0,0
BRDA:301,981,0,0
BRDA:302,989,0,0
BRDA:307,1002,0,0
BRDA:308,1002,1,0
BRDA:315,1029,0,0
BRDA:316,1036,0,0
BRDA:317,1044,0,0
BRDA:318,1059,0,0
BRDA:342,1106,0,0
BRDA:344,1113,0,0
BRDA:346,1121,0,0
BRDA:348,1129,0,0
BRDA:413,1359,0,0
BRDA:416,1366,0,0
BRDA:417,1371,0,0
BRDA:494,1631,0,1
BRDA:502,1631,1,0
end_of_record
SF:C:\Users\cryptosmith\Documents\Clarity-Projects\Stacks-Grant\v5/contracts/stackspot-distribute.clar
FN:21,get-pox-info
FN:22,get-pool-config
FN:43,validate-can-claim-pot
FN:55,return-participant-principals
FN:68,dispatch-principals
FN:98,dispatch-rewards-with-sbtc
FN:102,dispatch-rewards
FN:234,delegate-treasury
FNF:8
FNH:0
DA:21,0
DA:22,0
DA:23,0
DA:25,0
DA:26,0
DA:27,0
DA:28,0
DA:29,0
DA:30,0
DA:31,0
DA:33,0
DA:34,0
DA:35,0
DA:36,0
DA:37,0
DA:43,0
DA:44,0
DA:46,0
DA:47,0
DA:49,0
DA:50,0
DA:55,0
DA:56,0
DA:58,0
DA:59,0
DA:61,0
DA:62,0
DA:64,0
DA:68,0
DA:69,0
DA:71,0
DA:72,0
DA:73,0
DA:76,0
DA:78,0
DA:81,0
DA:84,0
DA:85,0
DA:86,0
DA:87,0
DA:88,0
DA:89,0
DA:90,0
DA:91,0
DA:94,0
DA:98,0
DA:99,0
DA:102,0
DA:103,0
DA:106,0
DA:107,0
DA:109,0
DA:110,0
DA:112,0
DA:115,0
DA:116,0
DA:119,0
DA:120,0
DA:123,0
DA:124,0
DA:127,0
DA:128,0
DA:131,0
DA:132,0
DA:133,0
DA:134,0
DA:135,0
DA:136,0
DA:137,0
DA:146,0
DA:147,0
DA:148,0
DA:149,0
DA:153,0
DA:154,0
DA:159,0
DA:160,0
DA:164,0
DA:165,0
DA:169,0
DA:170,0
DA:174,0
DA:175,0
DA:178,0
DA:181,0
DA:183,0
DA:184,0
DA:185,0
DA:186,0
DA:188,0
DA:190,0
DA:191,0
DA:193,0
DA:194,0
DA:196,0
DA:197,0
DA:198,0
DA:200,0
DA:201,0
DA:202,0
DA:203,0
DA:204,0
DA:205,0
DA:207,0
DA:208,0
DA:209,0
DA:211,0
DA:215,0
DA:216,0
DA:217,0
DA:218,0
DA:219,0
DA:220,0
DA:221,0
DA:222,0
DA:223,0
DA:224,0
DA:225,0
DA:226,0
DA:227,0
DA:230,0
DA:234,0
DA:235,0
DA:237,0
DA:238,0
DA:243,0
DA:244,0
DA:246,0
DA:247,0
DA:248,0
DA:249,0
DA:250,0
DA:251,0
DA:252,0
DA:253,0
DA:257,0
BRF:19
BRH:0
BRDA:49,175,0,0
BRDA:76,277,0,0
BRDA:78,284,0,0
BRDA:146,499,0,0
BRDA:147,509,0,0
BRDA:148,516,0,0
BRDA:149,523,0,0
BRDA:153,530,0,0
BRDA:154,530,1,0
BRDA:159,546,0,0
BRDA:160,546,1,0
BRDA:164,562,0,0
BRDA:165,562,1,0
BRDA:169,578,0,0
BRDA:170,578,1,0
BRDA:174,594,0,0
BRDA:175,594,1,0
BRDA:243,814,0,0
BRDA:244,821,0,0
end_of_record
SF:C:\Users\cryptosmith\Documents\Clarity-Projects\Stacks-Grant\v5/contracts/stackspot-jackpot.clar
FN:61,get-pool-config
FN:81,validate-can-join-pot
FN:86,validate-can-claim-pot
FN:96,validate-pot-value-target-is-met
FN:100,is-locked
FN:180,get-pot-participant-values
FN:104,get-pot-details
FN:133,get-pot-treasury
FN:139,get-pot-admin
FN:145,get-last-participant
FN:149,get-configs
FN:159,get-pot-value
FN:164,add-pot-value
FN:168,remove-pot-value
FN:173,get-by-id-helper
FN:176,get-by-id-helper-private
FN:185,get-pot-participants
FN:199,get-pot-id
FN:204,get-pot-starter-principal
FN:209,get-pot-claimer-principal
FN:214,get-random-index
FN:224,delegate-to-pot
FN:276,join-pot
FN:295,cancel-pot
FN:319,start-stackspot-jackpot
FN:362,claim-pot-reward
FN:448,get-pot-cycle
FN:449,get-pot-min-amount
FN:450,get-pot-max-participants
FN:451,get-pot-name
FN:452,get-pot-type
FN:453,get-pot-origin-contract-sha-hash
FN:454,get-pot-reward-token
FN:461,init-pot
FNDA:1,init-pot
FNF:34
FNH:1
DA:61,0
DA:62,0
DA:64,0
DA:65,0
DA:66,0
DA:67,0
DA:68,0
DA:69,0
DA:71,0
DA:72,0
DA:73,0
DA:74,0
DA:75,0
DA:81,0
DA:82,0
DA:86,0
DA:87,0
DA:88,0
DA:89,0
DA:91,0
DA:96,0
DA:97,0
DA:100,0
DA:101,0
DA:104,0
DA:105,0
DA:107,0
DA:108,0
DA:109,0
DA:110,0
DA:112,0
DA:114,0
DA:116,0
DA:117,0
DA:118,0
DA:119,0
DA:120,0
DA:121,0
DA:133,0
DA:134,0
DA:139,0
DA:140,0
DA:145,0
DA:146,0
DA:149,0
DA:151,0
DA:152,0
DA:153,0
DA:159,0
DA:160,0
DA:164,0
DA:165,0
DA:168,0
DA:169,0
DA:173,0
DA:174,0
DA:176,0
DA:177,0
DA:180,0
DA:181,0
DA:185,0
DA:186,0
DA:187,0
DA:188,0
DA:189,0
DA:190,0
DA:191,0
DA:194,0
DA:199,0
DA:200,0
DA:204,0
DA:205,0
DA:209,0
DA:210,0
DA:214,0
DA:215,0
DA:217,0
DA:219,0
DA:224,0
DA:225,0
DA:227,0
DA:228,0
DA:229,0
DA:230,0
DA:231,0
DA:234,0
DA:236,0
DA:237,0
DA:238,0
DA:239,0
DA:241,0
DA:242,0
DA:244,0
DA:245,0
DA:246,0
DA:250,0
DA:251,0
DA:254,0
DA:257,0
DA:260,0
DA:261,0
DA:262,0
DA:263,0
DA:264,0
DA:268,0
DA:271,0
DA:276,0
DA:277,0
DA:283,0
DA:284,0
DA:286,0
DA:288,0
DA:289,0
DA:290,0
DA:291,0
DA:295,0
DA:296,0
DA:297,0
DA:298,0
DA:299,0
DA:302,0
DA:305,0
DA:308,0
DA:309,0
DA:310,0
DA:314,0
DA:319,0
DA:320,0
DA:323,0
DA:325,0
DA:327,0
DA:329,0
DA:332,0
DA:335,0
DA:338,0
DA:341,0
DA:344,0
DA:345,0
DA:346,0
DA:347,0
DA:348,0
DA:349,0
DA:350,0
DA:351,0
DA:352,0
DA:353,0
DA:357,0
DA:362,0
DA:363,0
DA:366,0
DA:372,0
DA:373,0
DA:375,0
DA:376,0
DA:378,0
DA:379,0
DA:381,0
DA:382,0
DA:384,0
DA:385,0
DA:387,0
DA:388,0
DA:389,0
DA:390,0
DA:393,0
DA:394,0
DA:397,0
DA:400,0
DA:403,0
DA:406,0
DA:409,0
DA:411,0
DA:413,0
DA:414,0
DA:415,0
DA:416,0
DA:418,0
DA:420,0
DA:421,0
DA:423,0
DA:424,0
DA:426,0
DA:427,0
DA:428,0
DA:430,0
DA:431,0
DA:432,0
DA:433,0
DA:434,0
DA:435,0
DA:437,0
DA:438,0
DA:439,0
DA:440,0
DA:441,0
DA:444,0
DA:448,0
DA:449,0
DA:450,0
DA:451,0
DA:452,0
DA:453,0
DA:454,0
DA:456,1
DA:457,1
DA:461,1
DA:462,1
DA:463,1
DA:464,1
DA:465,1
DA:466,1
DA:467,1
DA:468,1
DA:469,1
DA:470,1
DA:472,0
DA:474,1
DA:476,1
DA:488,1
DA:491,1
BRF:30
BRH:1
BRDA:91,384,0,0
BRDA:190,681,0,0
BRDA:191,681,1,0
BRDA:234,786,0,0
BRDA:236,793,0,0
BRDA:237,802,0,0
BRDA:238,811,0,0
BRDA:239,820,0,0
BRDA:242,828,0,0
BRDA:246,835,0,0
BRDA:254,861,0,0
BRDA:283,910,0,0
BRDA:284,918,0,0
BRDA:289,931,0,0
BRDA:290,931,1,0
BRDA:297,958,0,0
BRDA:298,966,0,0
BRDA:299,981,0,0
BRDA:323,1030,0,0
BRDA:325,1038,0,0
BRDA:327,1043,0,0
BRDA:329,1051,0,0
BRDA:382,1230,0,0
BRDA:382,1230,1,0
BRDA:385,1249,0,0
BRDA:385,1249,1,0
BRDA:393,1299,0,0
BRDA:394,1304,0,0
BRDA:464,1551,0,1
BRDA:472,1551,1,0
end_of_record
SF:C:\Users\cryptosmith\Documents\Clarity-Projects\Stacks-Grant\v5/contracts/stackspot-registry.clar
FN:9,log-pot
FNF:1
FNH:0
DA:9,0
DA:10,0
DA:11,0
DA:12,0
DA:13,0
BRF:1
BRH:0
BRDA:11,24,0,0
end_of_record
SF:C:\Users\cryptosmith\Documents\Clarity-Projects\Stacks-Grant\v5/contracts/stackspot-sequencial-pot.clar
FN:62,get-pool-config
FN:82,validate-can-join-pot
FN:87,validate-can-claim-pot
FN:97,validate-pot-value-target-is-met
FN:101,is-locked
FN:181,get-pot-participant-values
FN:105,get-pot-details
FN:134,get-pot-treasury
FN:140,get-pot-admin
FN:146,get-last-participant
FN:150,get-configs
FN:160,get-pot-value
FN:165,add-pot-value
FN:169,remove-pot-value
FN:174,get-by-id-helper
FN:177,get-by-id-helper-private
FN:186,get-pot-participants
FN:200,get-pot-id
FN:205,get-pot-starter-principal
FN:210,get-pot-claimer-principal
FN:215,get-random-index
FN:225,delegate-to-pot
FN:277,join-pot
FN:296,cancel-pot
FN:320,start-stackspot-jackpot
FN:363,claim-pot-reward
FN:465,get-pot-cycle
FN:466,get-pot-min-amount
FN:467,get-pot-max-participants
FN:468,get-pot-name
FN:469,get-pot-type
FN:470,get-pot-origin-contract-sha-hash
FN:471,get-pot-reward-token
FN:478,init-pot
FNDA:1,init-pot
FNF:34
FNH:1
DA:62,0
DA:63,0
DA:65,0
DA:66,0
DA:67,0
DA:68,0
DA:69,0
DA:70,0
DA:72,0
DA:73,0
DA:74,0
DA:75,0
DA:76,0
DA:82,0
DA:83,0
DA:87,0
DA:88,0
DA:89,0
DA:90,0
DA:92,0
DA:97,0
DA:98,0
DA:101,0
DA:102,0
DA:105,0
DA:106,0
DA:108,0
DA:109,0
DA:110,0
DA:111,0
DA:113,0
DA:115,0
DA:117,0
DA:118,0
DA:119,0
DA:120,0
DA:121,0
DA:122,0
DA:134,0
DA:135,0
DA:140,0
DA:141,0
DA:146,0
DA:147,0
DA:150,0
DA:152,0
DA:153,0
DA:154,0
DA:160,0
DA:161,0
DA:165,0
DA:166,0
DA:169,0
DA:170,0
DA:174,0
DA:175,0
DA:177,0
DA:178,0
DA:181,0
DA:182,0
DA:186,0
DA:187,0
DA:188,0
DA:189,0
DA:190,0
DA:191,0
DA:192,0
DA:195,0
DA:200,0
DA:201,0
DA:205,0
DA:206,0
DA:210,0
DA:211,0
DA:215,0
DA:216,0
DA:218,0
DA:220,0
DA:225,0
DA:226,0
DA:228,0
DA:229,0
DA:230,0
DA:231,0
DA:232,0
DA:235,0
DA:237,0
DA:238,0
DA:239,0
DA:240,0
DA:242,0
DA:243,0
DA:245,0
DA:246,0
DA:247,0
DA:251,0
DA:252,0
DA:255,0
DA:258,0
DA:261,0
DA:262,0
DA:263,0
DA:264,0
DA:265,0
DA:269,0
DA:272,0
DA:277,0
DA:278,0
DA:284,0
DA:285,0
DA:287,0
DA:289,0
DA:290,0
DA:291,0
DA:292,0
DA:296,0
DA:297,0
DA:298,0
DA:299,0
DA:300,0
DA:303,0
DA:306,0
DA:309,0
DA:310,0
DA:311,0
DA:315,0
DA:320,0
DA:321,0
DA:324,0
DA:326,0
DA:328,0
DA:330,0
DA:333,0
DA:336,0
DA:339,0
DA:342,0
DA:345,0
DA:346,0
DA:347,0
DA:348,0
DA:349,0
DA:350,0
DA:351,0
DA:352,0
DA:353,0
DA:354,0
DA:358,0
DA:363,0
DA:364,0
DA:367,0
DA:373,0
DA:374,0
DA:376,0
DA:377,0
DA:379,0
DA:380,0
DA:382,0
DA:383,0
DA:385,0
DA:386,0
DA:388,0
DA:389,0
DA:390,0
DA:391,0
DA:394,0
DA:395,0
DA:396,0
DA:399,0
DA:402,0
DA:404,0
DA:405,0
DA:407,0
DA:410,0
DA:413,0
DA:415,0
DA:417,0
DA:419,0
DA:421,0
DA:426,0
DA:428,0
DA:430,0
DA:431,0
DA:432,0
DA:433,0
DA:435,0
DA:437,0
DA:438,0
DA:440,0
DA:441,0
DA:443,0
DA:444,0
DA:445,0
DA:447,0
DA:448,0
DA:449,0
DA:450,0
DA:451,0
DA:452,0
DA:454,0
DA:455,0
DA:456,0
DA:457,0
DA:458,0
DA:461,0
DA:465,0
DA:466,0
DA:467,0
DA:468,0
DA:469,0
DA:470,0
DA:471,0
DA:473,1
DA:474,1
DA:478,1
DA:479,1
DA:480,1
DA:481,1
DA:482,1
DA:483,1
DA:484,1
DA:485,1
DA:486,1
DA:487,1
DA:489,0
DA:491,1
DA:493,1
DA:505,1
DA:508,1
BRF:33
BRH:1
BRDA:92,384,0,0
BRDA:191,688,0,0
BRDA:192,688,1,0
BRDA:235,793,0,0
BRDA:237,800,0,0
BRDA:238,809,0,0
BRDA:239,818,0,0
BRDA:240,827,0,0
BRDA:243,835,0,0
BRDA:247,842,0,0
BRDA:255,868,0,0
BRDA:284,917,0,0
BRDA:285,925,0,0
BRDA:290,938,0,0
BRDA:291,938,1,0
BRDA:298,965,0,0
BRDA:299,973,0,0
BRDA:300,988,0,0
BRDA:324,1037,0,0
BRDA:326,1045,0,0
BRDA:328,1050,0,0
BRDA:330,1058,0,0
BRDA:383,1237,0,0
BRDA:383,1237,1,0
BRDA:386,1256,0,0
BRDA:386,1256,1,0
BRDA:394,1301,0,0
BRDA:395,1306,0,0
BRDA:396,1313,0,0
BRDA:405,1343,0,0
BRDA:417,1343,1,0
BRDA:481,1607,0,1
BRDA:489,1607,1,0
end_of_record
SF:C:\Users\cryptosmith\Documents\Clarity-Projects\Stacks-Grant\v5/contracts/stackspot-trait.clar
FNF:0
FNH:0
BRF:0
BRH:0
end_of_record
SF:C:\Users\cryptosmith\Documents\Clarity-Projects\Stacks-Grant\v5/contracts/stackspot-vrf.clar
FN:35,lower-16-le
FN:12,get-random-uint-at-block
FN:50,generate-list
FNF:3
FNH:0
DA:12,0
DA:13,0
DA:14,0
DA:15,0
DA:16,0
DA:17,0
DA:18,0
DA:19,0
DA:21,0
DA:22,0
DA:23,0
DA:24,0
DA:25,0
DA:26,0
DA:28,0
DA:35,0
DA:36,0
DA:50,0
DA:54,0
BRF:0
BRH:0
end_of_record
SF:C:\Users\cryptosmith\Documents\Clarity-Projects\Stacks-Grant\v5/contracts/stackspot-winners.clar
FN:9,log-winner
FNF:1
FNH:0
DA:9,0
DA:10,0
DA:11,0
DA:12,0
DA:13,0
BRF:1
BRH:0
BRDA:11,24,0,0
end_of_record
SF:C:\Users\cryptosmith\Documents\Clarity-Projects\Stacks-Grant\v5/contracts/stackspots.clar
FN:11,get-platform-treasury
FN:49,update-fee
FN:55,get-fee
FN:186,mint
FN:153,log-pot
FN:59,register-pot
FN:162,get-last-token-id
FN:166,get-token-uri
FN:170,get-owner
FN:174,get-token-id
FN:179,transfer
FN:231,get-pot-info
FN:241,dispatch-principals
FN:256,dispatch-rewards
FN:272,delegate-treasury
FNDA:4,get-fee
FNDA:4,get-platform-treasury
FNDA:4,register-pot
FNDA:1,update-fee
FNF:15
FNH:4
DA:11,4
DA:49,1
DA:50,1
DA:51,1
DA:52,1
DA:55,1
DA:56,4
DA:59,1
DA:70,4
DA:72,4
DA:73,4
DA:74,4
DA:75,4
DA:76,4
DA:77,4
DA:78,4
DA:79,4
DA:80,0
DA:81,0
DA:82,0
DA:83,0
DA:91,0
DA:92,0
DA:93,0
DA:94,0
DA:95,0
DA:96,0
DA:99,0
DA:100,0
DA:101,0
DA:104,0
DA:105,0
DA:106,0
DA:107,0
DA:109,0
DA:110,0
DA:111,0
DA:112,0
DA:113,0
DA:114,0
DA:116,0
DA:117,0
DA:118,0
DA:121,0
DA:125,0
DA:129,0
DA:130,0
DA:132,0
DA:133,0
DA:134,0
DA:135,0
DA:137,0
DA:138,0
DA:139,0
DA:140,0
DA:141,0
DA:142,0
DA:144,0
DA:145,0
DA:146,0
DA:149,0
DA:153,0
DA:154,0
DA:155,0
DA:156,0
DA:162,0
DA:163,0
DA:166,0
DA:167,0
DA:170,0
DA:171,0
DA:174,0
DA:175,0
DA:179,0
DA:180,0
DA:181,0
DA:182,0
DA:186,0
DA:187,0
DA:189,0
DA:190,0
DA:191,0
DA:192,0
DA:197,0
DA:198,0
DA:199,0
DA:203,0
DA:204,0
DA:207,0
DA:208,0
DA:209,0
DA:210,0
DA:211,0
DA:212,0
DA:214,0
DA:217,0
DA:218,0
DA:219,0
DA:220,0
DA:221,0
DA:222,0
DA:223,0
DA:224,0
DA:227,0
DA:231,0
DA:232,0
DA:234,0
DA:235,0
DA:237,0
DA:241,0
DA:242,0
DA:244,0
DA:245,0
DA:248,0
DA:249,0
DA:250,0
DA:252,0
DA:256,0
DA:257,0
DA:259,0
DA:260,0
DA:263,0
DA:264,0
DA:266,0
DA:268,0
DA:272,0
DA:273,0
DA:275,0
DA:276,0
DA:277,0
DA:280,0
DA:281,0
DA:282,0
DA:284,0
DA:286,0
DA:290,1
BRF:23
BRH:0
BRDA:51,155,0,0
BRDA:91,454,0,0
BRDA:92,465,0,0
BRDA:93,472,0,0
BRDA:94,479,0,0
BRDA:95,486,0,0
BRDA:96,495,0,0
BRDA:125,503,0,0
BRDA:155,331,0,0
BRDA:181,669,0,0
BRDA:197,212,0,0
BRDA:198,218,0,0
BRDA:199,227,0,0
BRDA:203,236,0,0
BRDA:204,252,0,0
BRDA:248,738,0,0
BRDA:249,747,0,0
BRDA:250,756,0,0
BRDA:263,795,0,0
BRDA:264,804,0,0
BRDA:280,862,0,0
BRDA:281,866,0,0
BRDA:282,875,0,0
end_of_record

TN:
SF:C:\Users\cryptosmith\Documents\Clarity-Projects\Stacks-Grant\v5/contracts/sbtc-registry.clar
FN:86,get-withdrawal-request
FN:97,get-completed-withdrawal-sweep-data
FN:103,get-completed-deposit
FN:109,get-deposit-status
FN:115,get-current-signer-data
FN:126,get-current-aggregate-pubkey
FN:132,get-current-signer-principal
FN:136,get-current-signer-set
FN:140,get-active-protocol
FN:346,increment-last-withdrawal-request-id
FN:357,is-protocol-caller
FN:156,create-withdrawal-request
FN:194,complete-withdrawal-accept
FN:233,complete-withdrawal-reject
FN:257,complete-deposit
FN:291,rotate-keys
FN:323,update-protocol-contract
FNF:17
FNH:0
DA:23,1
DA:26,1
DA:86,0
DA:87,0
DA:88,0
DA:89,0
DA:91,0
DA:97,0
DA:98,0
DA:103,0
DA:104,0
DA:109,0
DA:110,0
DA:115,0
DA:117,0
DA:118,0
DA:119,0
DA:120,0
DA:126,0
DA:127,0
DA:132,0
DA:133,0
DA:136,0
DA:137,0
DA:140,0
DA:141,0
DA:156,0
DA:163,0
DA:165,0
DA:167,0
DA:169,0
DA:170,0
DA:171,0
DA:172,0
DA:173,0
DA:174,0
DA:176,0
DA:177,0
DA:178,0
DA:179,0
DA:180,0
DA:181,0
DA:182,0
DA:183,0
DA:185,0
DA:194,0
DA:204,0
DA:205,0
DA:207,0
DA:208,0
DA:209,0
DA:210,0
DA:211,0
DA:213,0
DA:214,0
DA:215,0
DA:216,0
DA:217,0
DA:218,0
DA:219,0
DA:220,0
DA:221,0
DA:222,0
DA:224,0
DA:233,0
DA:237,0
DA:238,0
DA:240,0
DA:241,0
DA:242,0
DA:243,0
DA:244,0
DA:246,0
DA:257,0
DA:266,0
DA:267,0
DA:268,0
DA:269,0
DA:270,0
DA:271,0
DA:272,0
DA:273,0
DA:274,0
DA:276,0
DA:277,0
DA:278,0
DA:279,0
DA:280,0
DA:281,0
DA:282,0
DA:283,0
DA:285,0
DA:291,0
DA:297,0
DA:299,0
DA:301,0
DA:303,0
DA:305,0
DA:307,0
DA:309,0
DA:310,0
DA:311,0
DA:312,0
DA:313,0
DA:314,0
DA:315,0
DA:317,0
DA:323,0
DA:327,0
DA:329,0
DA:331,0
DA:333,0
DA:334,0
DA:335,0
DA:336,0
DA:337,0
DA:339,0
DA:346,0
DA:347,0
DA:349,0
DA:351,0
DA:352,0
DA:357,0
DA:358,0
DA:360,0
DA:362,0
DA:363,0
BRF:5
BRH:0
BRDA:88,206,0,0
BRDA:91,206,1,0
BRDA:301,770,0,0
BRDA:360,378,0,0
BRDA:362,390,0,0
end_of_record
SF:C:\Users\cryptosmith\Documents\Clarity-Projects\Stacks-Grant\v5/contracts/sbtc-token.clar
FN:14,protocol-lock
FN:22,protocol-unlock
FN:30,protocol-mint
FN:37,protocol-burn
FN:44,protocol-burn-locked
FN:51,protocol-set-name
FN:58,protocol-set-symbol
FN:65,protocol-set-token-uri
FN:72,protocol-mint-many-iter
FN:76,protocol-mint-many
FN:119,transfer
FN:93,transfer-many-iter
FN:84,transfer-many
FN:128,get-name
FN:132,get-symbol
FN:136,get-decimals
FN:140,get-balance
FN:144,get-balance-available
FN:148,get-balance-locked
FN:152,get-total-supply
FN:156,get-token-uri
FNF:21
FNH:0
DA:14,0
DA:15,0
DA:16,0
DA:17,0
DA:18,0
DA:22,0
DA:23,0
DA:24,0
DA:25,0
DA:26,0
DA:30,0
DA:31,0
DA:32,0
DA:33,0
DA:37,0
DA:38,0
DA:39,0
DA:40,0
DA:44,0
DA:45,0
DA:46,0
DA:47,0
DA:51,0
DA:52,0
DA:53,0
DA:54,0
DA:58,0
DA:59,0
DA:60,0
DA:61,0
DA:65,0
DA:66,0
DA:67,0
DA:68,0
DA:72,0
DA:73,0
DA:76,0
DA:77,0
DA:78,0
DA:79,0
DA:84,0
DA:90,0
DA:93,0
DA:100,0
DA:102,0
DA:103,0
DA:104,0
DA:105,0
DA:106,0
DA:107,0
DA:108,0
DA:109,0
DA:110,0
DA:113,0
DA:119,0
DA:120,0
DA:121,0
DA:122,0
DA:123,0
DA:124,0
DA:128,0
DA:129,0
DA:132,0
DA:133,0
DA:136,0
DA:137,0
DA:140,0
DA:141,0
DA:144,0
DA:145,0
DA:148,0
DA:149,0
DA:152,0
DA:153,0
DA:156,0
DA:157,0
BRF:7
BRH:0
BRDA:102,449,0,0
BRDA:113,449,1,0
BRDA:121,387,0,0
BRDA:121,389,0,0
BRDA:121,389,1,0
BRDA:123,408,0,0
BRDA:123,408,1,0
end_of_record
SF:C:\Users\cryptosmith\Documents\Clarity-Projects\Stacks-Grant\v5/contracts/sim-pox-4.clar
FN:93,set-burnchain-parameters
FN:266,burn-height-to-reward-cycle
FN:270,reward-cycle-to-burn-height
FN:274,current-pox-reward-cycle
FN:279,get-stacker-info
FN:292,check-caller-allowed
FN:307,get-check-delegation
FN:323,get-reward-set-size
FN:332,append-reward-cycle-pox-addr
FN:347,get-total-ustx-stacked
FN:355,get-reward-set-pox-address
FN:366,add-pox-addr-to-ith-reward-cycle
FN:412,add-pox-addr-to-reward-cycles
FN:429,add-pox-partial-stacked-to-ith-cycle
FN:459,add-pox-partial-stacked
FN:470,get-stacking-minimum
FN:474,check-pox-addr-version
FN:478,check-pox-addr-hashbytes
FN:486,check-pox-lock-period
FN:509,minimal-can-stack-stx
FN:494,can-stack-stx
FN:534,disallow-contract-caller
FN:544,allow-contract-caller
FN:691,get-signer-key-message-hash
FN:735,verify-signer-key-sig
FN:772,consume-signer-key-authorization
FN:571,stack-stx
FN:626,revoke-delegate-stx
FN:642,delegate-stx
FN:802,inner-stack-aggregation-commit
FN:847,stack-aggregation-commit
FN:859,stack-aggregation-commit-indexed
FN:879,stack-aggregation-increase
FN:959,delegate-stack-stx
FN:1029,get-pox-info
FN:1044,increase-reward-cycle-entry
FN:1088,stack-increase
FN:1150,stack-extend
FN:1236,delegate-stack-increase
FN:1324,delegate-stack-extend
FN:1431,set-signer-key-authorization
FN:1457,get-delegation-info
FN:1466,get-allowance-contract-callers
FN:1472,get-num-reward-set-pox-addresses
FN:1482,get-partial-stacked-by-cycle
FNDA:4,allow-contract-caller
FNDA:5,burn-height-to-reward-cycle
FNDA:5,current-pox-reward-cycle
FNDA:5,get-pox-info
FNDA:5,get-stacking-minimum
FNF:45
FNH:5
DA:93,0
DA:97,0
DA:98,0
DA:99,0
DA:100,0
DA:101,0
DA:102,0
DA:103,0
DA:104,0
DA:266,1
DA:267,5
DA:270,0
DA:271,0
DA:274,1
DA:275,5
DA:279,0
DA:280,0
DA:282,0
DA:284,0
DA:286,0
DA:289,0
DA:292,0
DA:293,0
DA:294,0
DA:296,0
DA:297,0
DA:298,0
DA:299,0
DA:301,0
DA:303,0
DA:304,0
DA:305,0
DA:307,0
DA:308,0
DA:310,0
DA:311,0
DA:312,0
DA:314,0
DA:316,0
DA:323,0
DA:324,0
DA:325,0
DA:326,0
DA:332,0
DA:337,0
DA:338,0
DA:339,0
DA:340,0
DA:341,0
DA:342,0
DA:343,0
DA:344,0
DA:347,0
DA:348,0
DA:349,0
DA:350,0
DA:355,0
DA:356,0
DA:366,0
DA:375,0
DA:376,0
DA:377,0
DA:378,0
DA:379,0
DA:380,0
DA:382,0
DA:383,0
DA:384,0
DA:385,0
DA:386,0
DA:387,0
DA:390,0
DA:391,0
DA:392,0
DA:393,0
DA:394,0
DA:395,0
DA:397,0
DA:398,0
DA:399,0
DA:400,0
DA:401,0
DA:402,0
DA:403,0
DA:404,0
DA:405,0
DA:406,0
DA:412,0
DA:418,0
DA:419,0
DA:420,0
DA:421,0
DA:422,0
DA:425,0
DA:426,0
DA:427,0
DA:429,0
DA:435,0
DA:436,0
DA:437,0
DA:438,0
DA:439,0
DA:440,0
DA:441,0
DA:442,0
DA:443,0
DA:445,0
DA:447,0
DA:448,0
DA:449,0
DA:451,0
DA:452,0
DA:453,0
DA:454,0
DA:459,0
DA:463,0
DA:464,0
DA:465,0
DA:466,0
DA:470,1
DA:471,5
DA:474,0
DA:475,0
DA:478,0
DA:479,0
DA:480,0
DA:481,0
DA:482,0
DA:483,0
DA:486,0
DA:487,0
DA:488,0
DA:494,0
DA:498,0
DA:500,0
DA:501,0
DA:503,0
DA:509,0
DA:514,0
DA:516,0
DA:517,0
DA:520,0
DA:521,0
DA:524,0
DA:525,0
DA:528,0
DA:529,0
DA:531,0
DA:534,0
DA:535,0
DA:536,0
DA:537,0
DA:538,0
DA:544,1
DA:545,4
DA:546,4
DA:547,0
DA:548,4
DA:549,4
DA:550,4
DA:571,0
DA:580,0
DA:581,0
DA:584,0
DA:585,0
DA:588,0
DA:589,0
DA:592,0
DA:593,0
DA:596,0
DA:597,0
DA:600,0
DA:601,0
DA:604,0
DA:607,0
DA:610,0
DA:612,0
DA:613,0
DA:614,0
DA:615,0
DA:616,0
DA:617,0
DA:618,0
DA:621,0
DA:626,0
DA:627,0
DA:629,0
DA:630,0
DA:631,0
DA:632,0
DA:633,0
DA:642,0
DA:647,0
DA:649,0
DA:650,0
DA:661,0
DA:663,0
DA:664,0
DA:665,0
DA:667,0
DA:669,0
DA:670,0
DA:671,0
DA:674,0
DA:675,0
DA:678,0
DA:679,0
DA:680,0
DA:681,0
DA:682,0
DA:683,0
DA:685,0
DA:691,0
DA:697,0
DA:698,0
DA:699,0
DA:700,0
DA:701,0
DA:702,0
DA:703,0
DA:704,0
DA:705,0
DA:706,0
DA:707,0
DA:708,0
DA:735,0
DA:744,0
DA:746,0
DA:747,0
DA:748,0
DA:749,0
DA:751,0
DA:752,0
DA:753,0
DA:754,0
DA:755,0
DA:756,0
DA:757,0
DA:759,0
DA:760,0
DA:761,0
DA:772,0
DA:781,0
DA:783,0
DA:785,0
DA:786,0
DA:787,0
DA:788,0
DA:802,0
DA:808,0
DA:810,0
DA:811,0
DA:813,0
DA:814,0
DA:815,0
DA:816,0
DA:817,0
DA:820,0
DA:821,0
DA:822,0
DA:823,0
DA:824,0
DA:825,0
DA:826,0
DA:827,0
DA:828,0
DA:829,0
DA:830,0
DA:831,0
DA:832,0
DA:839,0
DA:840,0
DA:841,0
DA:847,0
DA:853,0
DA:854,0
DA:855,0
DA:859,0
DA:865,0
DA:879,0
DA:886,0
DA:888,0
DA:889,0
DA:892,0
DA:893,0
DA:896,0
DA:897,0
DA:899,0
DA:901,0
DA:902,0
DA:905,0
DA:906,0
DA:907,0
DA:908,0
DA:911,0
DA:914,0
DA:915,0
DA:918,0
DA:919,0
DA:922,0
DA:923,0
DA:926,0
DA:929,0
DA:933,0
DA:936,0
DA:937,0
DA:938,0
DA:939,0
DA:940,0
DA:941,0
DA:944,0
DA:945,0
DA:946,0
DA:953,0
DA:954,0
DA:955,0
DA:959,0
DA:965,0
DA:966,0
DA:967,0
DA:970,0
DA:971,0
DA:974,0
DA:975,0
DA:978,0
DA:980,0
DA:981,0
DA:983,0
DA:984,0
DA:986,0
DA:987,0
DA:988,0
DA:989,0
DA:991,0
DA:992,0
DA:993,0
DA:994,0
DA:995,0
DA:999,0
DA:1000,0
DA:1003,0
DA:1004,0
DA:1007,0
DA:1011,0
DA:1014,0
DA:1015,0
DA:1016,0
DA:1017,0
DA:1018,0
DA:1019,0
DA:1020,0
DA:1023,0
DA:1024,0
DA:1025,0
DA:1029,1
DA:1030,5
DA:1031,5
DA:1032,5
DA:1033,5
DA:1034,5
DA:1035,5
DA:1036,5
DA:1044,0
DA:1047,0
DA:1048,0
DA:1049,0
DA:1050,0
DA:1051,0
DA:1053,0
DA:1054,0
DA:1055,0
DA:1056,0
DA:1057,0
DA:1058,0
DA:1060,0
DA:1062,0
DA:1064,0
DA:1065,0
DA:1066,0
DA:1068,0
DA:1069,0
DA:1070,0
DA:1072,0
DA:1073,0
DA:1074,0
DA:1075,0
DA:1076,0
DA:1077,0
DA:1078,0
DA:1079,0
DA:1088,0
DA:1094,0
DA:1095,0
DA:1096,0
DA:1097,0
DA:1098,0
DA:1099,0
DA:1100,0
DA:1101,0
DA:1102,0
DA:1103,0
DA:1104,0
DA:1106,0
DA:1107,0
DA:1109,0
DA:1110,0
DA:1112,0
DA:1113,0
DA:1115,0
DA:1116,0
DA:1118,0
DA:1119,0
DA:1121,0
DA:1122,0
DA:1125,0
DA:1128,0
DA:1131,0
DA:1132,0
DA:1133,0
DA:1134,0
DA:1135,0
DA:1136,0
DA:1137,0
DA:1138,0
DA:1140,0
DA:1150,0
DA:1156,0
DA:1158,0
DA:1159,0
DA:1160,0
DA:1161,0
DA:1163,0
DA:1165,0
DA:1166,0
DA:1169,0
DA:1170,0
DA:1173,0
DA:1174,0
DA:1177,0
DA:1178,0
DA:1181,0
DA:1183,0
DA:1184,0
DA:1185,0
DA:1188,0
DA:1190,0
DA:1193,0
DA:1194,0
DA:1197,0
DA:1198,0
DA:1201,0
DA:1202,0
DA:1205,0
DA:1209,0
DA:1210,0
DA:1212,0
DA:1213,0
DA:1216,0
DA:1217,0
DA:1218,0
DA:1220,0
DA:1221,0
DA:1222,0
DA:1223,0
DA:1224,0
DA:1225,0
DA:1226,0
DA:1229,0
DA:1236,0
DA:1240,0
DA:1241,0
DA:1242,0
DA:1243,0
DA:1246,0
DA:1247,0
DA:1249,0
DA:1250,0
DA:1251,0
DA:1252,0
DA:1253,0
DA:1254,0
DA:1255,0
DA:1256,0
DA:1257,0
DA:1258,0
DA:1259,0
DA:1262,0
DA:1263,0
DA:1266,0
DA:1267,0
DA:1270,0
DA:1271,0
DA:1272,0
DA:1273,0
DA:1276,0
DA:1277,0
DA:1280,0
DA:1281,0
DA:1284,0
DA:1285,0
DA:1286,0
DA:1287,0
DA:1288,0
DA:1290,0
DA:1291,0
DA:1293,0
DA:1294,0
DA:1296,0
DA:1297,0
DA:1298,0
DA:1299,0
DA:1301,0
DA:1303,0
DA:1304,0
DA:1305,0
DA:1308,0
DA:1312,0
DA:1317,0
DA:1324,0
DA:1328,0
DA:1330,0
DA:1331,0
DA:1332,0
DA:1334,0
DA:1335,0
DA:1337,0
DA:1338,0
DA:1341,0
DA:1342,0
DA:1344,0
DA:1345,0
DA:1346,0
DA:1349,0
DA:1351,0
DA:1354,0
DA:1355,0
DA:1358,0
DA:1359,0
DA:1362,0
DA:1363,0
DA:1364,0
DA:1365,0
DA:1368,0
DA:1369,0
DA:1372,0
DA:1373,0
DA:1376,0
DA:1378,0
DA:1379,0
DA:1381,0
DA:1382,0
DA:1384,0
DA:1385,0
DA:1386,0
DA:1387,0
DA:1389,0
DA:1390,0
DA:1391,0
DA:1392,0
DA:1393,0
DA:1397,0
DA:1401,0
DA:1403,0
DA:1404,0
DA:1405,0
DA:1406,0
DA:1407,0
DA:1408,0
DA:1409,0
DA:1412,0
DA:1413,0
DA:1431,0
DA:1439,0
DA:1441,0
DA:1442,0
DA:1444,0
DA:1445,0
DA:1446,0
DA:1448,0
DA:1450,0
DA:1451,0
DA:1452,0
DA:1457,0
DA:1458,0
DA:1466,0
DA:1467,0
DA:1472,0
DA:1473,0
DA:1475,0
DA:1476,0
DA:1482,0
DA:1483,0
BRF:145
BRH:0
BRDA:98,268,0,0
BRDA:282,657,0,0
BRDA:284,668,0,0
BRDA:286,668,1,0
BRDA:289,657,1,0
BRDA:293,693,0,0
BRDA:294,693,1,0
BRDA:304,727,0,0
BRDA:305,727,1,0
BRDA:311,759,0,0
BRDA:312,759,1,0
BRDA:314,757,0,0
BRDA:316,757,1,0
BRDA:379,1004,0,0
BRDA:394,1004,1,0
BRDA:395,1064,0,0
BRDA:395,1064,1,0
BRDA:404,1112,0,0
BRDA:405,1112,1,0
BRDA:425,1230,0,0
BRDA:426,1242,0,0
BRDA:445,1342,0,0
BRDA:447,1342,1,0
BRDA:480,1490,0,0
BRDA:481,1490,1,0
BRDA:482,1504,0,0
BRDA:483,1504,1,0
BRDA:487,1526,0,0
BRDA:488,1526,1,0
BRDA:501,1640,0,0
BRDA:517,1565,0,0
BRDA:521,1574,0,0
BRDA:525,1582,0,0
BRDA:529,1593,0,0
BRDA:537,1665,0,0
BRDA:547,1701,0,0
BRDA:585,2136,0,0
BRDA:589,2145,0,0
BRDA:593,2152,0,0
BRDA:597,2162,0,0
BRDA:601,2172,0,0
BRDA:630,2280,0,0
BRDA:631,2287,0,0
BRDA:632,2295,0,0
BRDA:650,2344,0,0
BRDA:663,2351,0,0
BRDA:664,2355,0,0
BRDA:665,2351,1,0
BRDA:669,2367,0,0
BRDA:670,2371,0,0
BRDA:671,2367,1,0
BRDA:675,2387,0,0
BRDA:746,1865,0,0
BRDA:748,1874,0,0
BRDA:751,1907,0,0
BRDA:757,1913,0,0
BRDA:759,1907,1,0
BRDA:761,1939,0,0
BRDA:787,2038,0,0
BRDA:814,2485,0,0
BRDA:854,2639,0,0
BRDA:855,2639,1,0
BRDA:893,2770,0,0
BRDA:897,2777,0,0
BRDA:915,2858,0,0
BRDA:919,2868,0,0
BRDA:923,2879,0,0
BRDA:926,2891,0,0
BRDA:929,2900,0,0
BRDA:971,3050,0,0
BRDA:975,3059,0,0
BRDA:981,3079,0,0
BRDA:984,3091,0,0
BRDA:987,3105,0,0
BRDA:988,3105,1,0
BRDA:989,3103,0,0
BRDA:992,3122,0,0
BRDA:994,3122,1,0
BRDA:995,3120,0,0
BRDA:1000,3137,0,0
BRDA:1004,3147,0,0
BRDA:1053,3303,0,0
BRDA:1054,3303,1,0
BRDA:1060,3391,0,0
BRDA:1062,3406,0,0
BRDA:1107,3584,0,0
BRDA:1110,3593,0,0
BRDA:1113,3602,0,0
BRDA:1116,3611,0,0
BRDA:1119,3618,0,0
BRDA:1122,3632,0,0
BRDA:1125,3643,0,0
BRDA:1138,3668,0,0
BRDA:1166,3803,0,0
BRDA:1166,3803,1,0
BRDA:1170,3811,0,0
BRDA:1174,3820,0,0
BRDA:1178,3834,0,0
BRDA:1188,3887,0,0
BRDA:1190,3896,0,0
BRDA:1194,3905,0,0
BRDA:1198,3912,0,0
BRDA:1202,3921,0,0
BRDA:1247,4081,0,0
BRDA:1254,4118,0,0
BRDA:1255,4118,1,0
BRDA:1263,4157,0,0
BRDA:1267,4164,0,0
BRDA:1273,4178,0,0
BRDA:1277,4195,0,0
BRDA:1281,4204,0,0
BRDA:1291,4250,0,0
BRDA:1294,4259,0,0
BRDA:1297,4270,0,0
BRDA:1298,4270,1,0
BRDA:1299,4268,0,0
BRDA:1303,4284,0,0
BRDA:1304,4284,1,0
BRDA:1305,4282,0,0
BRDA:1338,4397,0,0
BRDA:1338,4397,1,0
BRDA:1342,4405,0,0
BRDA:1349,4443,0,0
BRDA:1351,4452,0,0
BRDA:1355,4461,0,0
BRDA:1359,4468,0,0
BRDA:1365,4482,0,0
BRDA:1369,4499,0,0
BRDA:1373,4507,0,0
BRDA:1379,4529,0,0
BRDA:1382,4541,0,0
BRDA:1385,4555,0,0
BRDA:1386,4555,1,0
BRDA:1387,4553,0,0
BRDA:1390,4572,0,0
BRDA:1392,4572,1,0
BRDA:1393,4570,0,0
BRDA:1442,4684,0,0
BRDA:1445,4699,0,0
BRDA:1445,4699,1,0
BRDA:1446,4691,0,0
BRDA:1448,4714,0,0
BRDA:1450,4723,0,0
BRDA:1475,4801,0,0
BRDA:1476,4801,1,0
end_of_record
SF:C:\Users\cryptosmith\Documents\Clarity-Projects\Stacks-Grant\v5/contracts/sim-pox-4-multi-pool-v1.clar
FN:81,delegate-stx-inner
FN:428,min
FN:404,get-delegated-amount
FN:439,max
FN:392,reward-cycle-to-burn-height
FN:408,not-locked-for-cycle
FN:200,maybe-extend-for-next-cycle
FN:151,delegate-stack-extend-increase
FN:103,lock-delegated-stx
FN:133,lock-delegated-stx-fold
FN:385,burn-height-to-reward-cycle
FN:399,current-pox-reward-cycle
FN:483,check-caller-allowed
FN:240,delegate-stx
FN:423,can-lock-now
FN:264,delegate-stack-stx
FN:275,delegate-stack-stx-many
FN:287,stack-aggregation-increase
FN:304,stack-aggregation-commit
FN:323,set-active
FN:332,set-pool-pox-address
FN:344,set-pool-pox-address-active
FN:357,set-stx-buffer
FN:366,set-reward-admin
FN:415,is-admin-enabled
FN:419,get-pool-pox-address
FN:457,allow-contract-caller
FN:472,disallow-contract-caller
FN:511,get-allowance-contract-callers
FNDA:4,allow-contract-caller
FNF:29
FNH:1
DA:42,1
DA:81,0
DA:86,0
DA:88,0
DA:89,0
DA:92,0
DA:93,0
DA:95,0
DA:96,0
DA:103,0
DA:104,0
DA:105,0
DA:106,0
DA:107,0
DA:108,0
DA:109,0
DA:110,0
DA:115,0
DA:116,0
DA:117,0
DA:120,0
DA:121,0
DA:122,0
DA:124,0
DA:125,0
DA:126,0
DA:127,0
DA:133,0
DA:144,0
DA:145,0
DA:151,0
DA:159,0
DA:160,0
DA:161,0
DA:163,0
DA:164,0
DA:165,0
DA:166,0
DA:168,0
DA:169,0
DA:170,0
DA:172,0
DA:173,0
DA:174,0
DA:175,0
DA:179,0
DA:180,0
DA:181,0
DA:183,0
DA:184,0
DA:185,0
DA:186,0
DA:188,0
DA:193,0
DA:200,0
DA:212,0
DA:213,0
DA:214,0
DA:216,0
DA:218,0
DA:219,0
DA:220,0
DA:223,0
DA:224,0
DA:225,0
DA:240,0
DA:244,0
DA:245,0
DA:246,0
DA:249,0
DA:250,0
DA:251,0
DA:252,0
DA:255,0
DA:257,0
DA:264,0
DA:265,0
DA:266,0
DA:268,0
DA:275,0
DA:276,0
DA:277,0
DA:278,0
DA:280,0
DA:282,0
DA:287,0
DA:295,0
DA:296,0
DA:297,0
DA:298,0
DA:304,0
DA:311,0
DA:312,0
DA:313,0
DA:314,0
DA:323,0
DA:324,0
DA:325,0
DA:326,0
DA:328,0
DA:332,0
DA:336,0
DA:337,0
DA:338,0
DA:340,0
DA:344,0
DA:348,0
DA:349,0
DA:350,0
DA:352,0
DA:353,0
DA:357,0
DA:358,0
DA:359,0
DA:360,0
DA:362,0
DA:366,0
DA:370,0
DA:371,0
DA:372,0
DA:374,0
DA:375,0
DA:385,0
DA:386,0
DA:387,0
DA:392,0
DA:393,0
DA:394,0
DA:399,0
DA:400,0
DA:404,0
DA:405,0
DA:408,0
DA:412,0
DA:415,0
DA:416,0
DA:419,0
DA:420,0
DA:423,0
DA:424,0
DA:428,0
DA:432,0
DA:433,0
DA:434,0
DA:439,0
DA:443,0
DA:444,0
DA:445,0
DA:457,1
DA:461,4
DA:462,4
DA:463,4
DA:464,4
DA:465,4
DA:466,4
DA:472,0
DA:473,0
DA:474,0
DA:475,0
DA:476,0
DA:477,0
DA:483,0
DA:484,0
DA:485,0
DA:486,0
DA:487,0
DA:489,0
DA:490,0
DA:491,0
DA:492,0
DA:494,0
DA:496,0
DA:498,0
DA:502,0
DA:511,0
DA:515,0
DA:516,0
DA:517,0
BRF:36
BRH:0
BRDA:95,147,0,0
BRDA:96,147,1,0
BRDA:116,531,0,0
BRDA:117,531,1,0
BRDA:120,548,0,0
BRDA:124,554,0,0
BRDA:125,554,1,0
BRDA:126,570,0,0
BRDA:127,570,1,0
BRDA:163,373,0,0
BRDA:165,380,0,0
BRDA:168,397,0,0
BRDA:170,405,0,0
BRDA:179,397,1,0
BRDA:183,437,0,0
BRDA:188,437,1,0
BRDA:193,380,1,0
BRDA:219,309,0,0
BRDA:223,309,1,0
BRDA:249,723,0,0
BRDA:266,782,0,0
BRDA:280,816,0,0
BRDA:326,941,0,0
BRDA:338,977,0,0
BRDA:350,1013,0,0
BRDA:360,1042,0,0
BRDA:372,1070,0,0
BRDA:374,1080,0,0
BRDA:433,180,0,0
BRDA:434,180,1,0
BRDA:444,216,0,0
BRDA:445,216,1,0
BRDA:462,1128,0,0
BRDA:474,1162,0,0
BRDA:485,663,0,0
BRDA:486,663,1,0
end_of_record
SF:C:\Users\cryptosmith\Documents\Clarity-Projects\Stacks-Grant\v5/contracts/stackspot-admin.clar
FN:20,add-update-admin-status
FN:33,update-public-pot-deploy-status
FN:46,is-admin
FN:50,can-deploy-pot
FN:60,add-pot-contract-hash
FN:76,is-contract-allowed-hash
FNDA:1,add-update-admin-status
FNF:6
FNH:1
DA:20,1
DA:21,2
DA:22,2
DA:23,2
DA:24,2
DA:25,2
DA:26,2
DA:27,2
DA:29,2
DA:33,0
DA:34,0
DA:35,0
DA:36,0
DA:37,0
DA:38,0
DA:39,0
DA:40,0
DA:42,0
DA:46,0
DA:47,0
DA:50,0
DA:51,0
DA:53,0
DA:54,0
DA:56,0
DA:60,0
DA:61,0
DA:63,0
DA:66,0
DA:67,0
DA:68,0
DA:69,0
DA:70,0
DA:72,0
DA:76,0
DA:77,0
DA:80,1
DA:81,1
BRF:5
BRH:0
BRDA:22,50,0,0
BRDA:35,87,0,0
BRDA:56,149,0,0
BRDA:56,149,1,0
BRDA:66,176,0,0
end_of_record
SF:C:\Users\cryptosmith\Documents\Clarity-Projects\Stacks-Grant\v5/contracts/stackspot-audited-contracts.clar
FN:14,update-audited-contract
FN:21,remove-audited-contract
FN:28,is-audited-contract
FNF:3
FNH:0
DA:14,0
DA:15,0
DA:16,0
DA:17,0
DA:21,0
DA:22,0
DA:23,0
DA:24,0
DA:28,0
DA:29,0
BRF:2
BRH:0
BRDA:16,32,0,0
BRDA:23,57,0,0
end_of_record
SF:C:\Users\cryptosmith\Documents\Clarity-Projects\Stacks-Grant\v5/contracts/stackspot-crowd-fund-pot.clar
FN:61,get-pool-config
FN:81,validate-can-join-pot
FN:86,validate-can-claim-pot
FN:96,validate-pot-value-target-is-met
FN:100,is-locked
FN:180,get-pot-participant-values
FN:104,get-pot-details
FN:133,get-pot-treasury
FN:139,get-pot-admin
FN:145,get-last-participant
FN:149,get-configs
FN:159,get-pot-value
FN:164,add-pot-value
FN:168,remove-pot-value
FN:173,get-by-id-helper
FN:176,get-by-id-helper-private
FN:185,get-pot-participants
FN:199,get-pot-id
FN:204,get-pot-starter-principal
FN:209,get-pot-claimer-principal
FN:214,get-random-index
FN:224,delegate-to-pot
FN:276,join-pot
FN:295,cancel-pot
FN:319,start-stackspot-jackpot
FN:362,claim-pot-reward
FN:446,get-pot-cycle
FN:447,get-pot-min-amount
FN:448,get-pot-max-participants
FN:449,get-pot-name
FN:450,get-pot-type
FN:451,get-pot-origin-contract-sha-hash
FN:452,get-pot-reward-token
FN:459,init-pot
FNDA:1,init-pot
FNF:34
FNH:1
DA:61,0
DA:62,0
DA:64,0
DA:65,0
DA:66,0
DA:67,0
DA:68,0
DA:69,0
DA:71,0
DA:72,0
DA:73,0
DA:74,0
DA:75,0
DA:81,0
DA:82,0
DA:86,0
DA:87,0
DA:88,0
DA:89,0
DA:91,0
DA:96,0
DA:97,0
DA:100,0
DA:101,0
DA:104,0
DA:105,0
DA:107,0
DA:108,0
DA:109,0
DA:110,0
DA:112,0
DA:114,0
DA:116,0
DA:117,0
DA:118,0
DA:119,0
DA:120,0
DA:121,0
DA:133,0
DA:134,0
DA:139,0
DA:140,0
DA:145,0
DA:146,0
DA:149,0
DA:151,0
DA:152,0
DA:153,0
DA:159,0
DA:160,0
DA:164,0
DA:165,0
DA:168,0
DA:169,0
DA:173,0
DA:174,0
DA:176,0
DA:177,0
DA:180,0
DA:181,0
DA:185,0
DA:186,0
DA:187,0
DA:188,0
DA:189,0
DA:190,0
DA:191,0
DA:194,0
DA:199,0
DA:200,0
DA:204,0
DA:205,0
DA:209,0
DA:210,0
DA:214,0
DA:215,0
DA:217,0
DA:219,0
DA:224,0
DA:225,0
DA:227,0
DA:228,0
DA:229,0
DA:230,0
DA:231,0
DA:234,0
DA:236,0
DA:237,0
DA:238,0
DA:239,0
DA:241,0
DA:242,0
DA:244,0
DA:245,0
DA:246,0
DA:250,0
DA:251,0
DA:254,0
DA:257,0
DA:260,0
DA:261,0
DA:262,0
DA:263,0
DA:264,0
DA:268,0
DA:271,0
DA:276,0
DA:277,0
DA:283,0
DA:284,0
DA:286,0
DA:288,0
DA:289,0
DA:290,0
DA:291,0
DA:295,0
DA:296,0
DA:297,0
DA:298,0
DA:299,0
DA:302,0
DA:305,0
DA:308,0
DA:309,0
DA:310,0
DA:314,0
DA:319,0
DA:320,0
DA:323,0
DA:325,0
DA:327,0
DA:329,0
DA:332,0
DA:335,0
DA:338,0
DA:341,0
DA:344,0
DA:345,0
DA:346,0
DA:347,0
DA:348,0
DA:349,0
DA:350,0
DA:351,0
DA:352,0
DA:353,0
DA:357,0
DA:362,0
DA:363,0
DA:366,0
DA:372,0
DA:373,0
DA:375,0
DA:376,0
DA:378,0
DA:379,0
DA:381,0
DA:382,0
DA:384,0
DA:385,0
DA:387,0
DA:388,0
DA:391,0
DA:392,0
DA:395,0
DA:398,0
DA:401,0
DA:404,0
DA:407,0
DA:409,0
DA:411,0
DA:412,0
DA:413,0
DA:414,0
DA:416,0
DA:418,0
DA:419,0
DA:421,0
DA:422,0
DA:424,0
DA:425,0
DA:426,0
DA:428,0
DA:429,0
DA:430,0
DA:431,0
DA:432,0
DA:433,0
DA:435,0
DA:436,0
DA:437,0
DA:438,0
DA:439,0
DA:442,0
DA:446,0
DA:447,0
DA:448,0
DA:449,0
DA:450,0
DA:451,0
DA:452,0
DA:454,1
DA:455,1
DA:459,1
DA:460,1
DA:461,1
DA:462,1
DA:463,1
DA:464,1
DA:465,1
DA:466,1
DA:467,1
DA:468,1
DA:469,1
DA:471,0
DA:473,1
DA:475,1
DA:488,1
DA:491,1
BRF:30
BRH:1
BRDA:91,384,0,0
BRDA:190,681,0,0
BRDA:191,681,1,0
BRDA:234,786,0,0
BRDA:236,793,0,0
BRDA:237,802,0,0
BRDA:238,811,0,0
BRDA:239,820,0,0
BRDA:242,828,0,0
BRDA:246,835,0,0
BRDA:254,861,0,0
BRDA:283,910,0,0
BRDA:284,918,0,0
BRDA:289,931,0,0
BRDA:290,931,1,0
BRDA:297,958,0,0
BRDA:298,966,0,0
BRDA:299,981,0,0
BRDA:323,1030,0,0
BRDA:325,1038,0,0
BRDA:327,1043,0,0
BRDA:329,1051,0,0
BRDA:382,1235,0,0
BRDA:382,1235,1,0
BRDA:385,1254,0,0
BRDA:385,1254,1,0
BRDA:391,1282,0,0
BRDA:392,1287,0,0
BRDA:462,1534,0,1
BRDA:471,1534,1,0
end_of_record
SF:C:\Users\cryptosmith\Documents\Clarity-Projects\Stacks-Grant\v5/contracts/stackspot-cryptonauts.clar
FN:62,get-pool-config
FN:82,validate-can-join-pot
FN:87,validate-can-claim-pot
FN:96,is-locked
FN:176,get-pot-participant-values
FN:100,get-pot-details
FN:129,get-pot-treasury
FN:135,get-pot-admin
FN:141,get-last-participant
FN:145,get-configs
FN:155,get-pot-value
FN:160,add-pot-value
FN:164,remove-pot-value
FN:169,get-by-id-helper
FN:172,get-by-id-helper-private
FN:181,get-pot-participants
FN:195,get-pot-id
FN:200,get-pot-starter-principal
FN:205,get-pot-claimer-principal
FN:210,delegate-to-pot
FN:264,reset-map-values
FN:279,reset-pot-values
FN:294,join-pot
FN:313,cancel-pot
FN:338,start-stackspot-jackpot
FN:381,cryptonauts-pay-winner
FN:478,get-pot-cycle
FN:479,get-pot-min-amount
FN:480,get-pot-max-participants
FN:481,get-pot-name
FN:482,get-pot-type
FN:483,get-pot-origin-contract-sha-hash
FN:484,get-pot-reward-token
FN:491,init-pot
FNDA:1,init-pot
FNF:34
FNH:1
DA:62,0
DA:63,0
DA:65,0
DA:66,0
DA:67,0
DA:68,0
DA:69,0
DA:70,0
DA:72,0
DA:73,0
DA:74,0
DA:75,0
DA:76,0
DA:82,0
DA:83,0
DA:87,0
DA:88,0
DA:89,0
DA:90,0
DA:92,0
DA:96,0
DA:97,0
DA:100,0
DA:101,0
DA:103,0
DA:104,0
DA:105,0
DA:106,0
DA:108,0
DA:110,0
DA:112,0
DA:113,0
DA:114,0
DA:115,0
DA:116,0
DA:117,0
DA:129,0
DA:130,0
DA:135,0
DA:136,0
DA:141,0
DA:142,0
DA:145,0
DA:147,0
DA:148,0
DA:149,0
DA:155,0
DA:156,0
DA:160,0
DA:161,0
DA:164,0
DA:165,0
DA:169,0
DA:170,0
DA:172,0
DA:173,0
DA:176,0
DA:177,0
DA:181,0
DA:182,0
DA:183,0
DA:184,0
DA:185,0
DA:186,0
DA:187,0
DA:190,0
DA:195,0
DA:196,0
DA:200,0
DA:201,0
DA:205,0
DA:206,0
DA:210,0
DA:211,0
DA:213,0
DA:214,0
DA:215,0
DA:216,0
DA:217,0
DA:220,0
DA:222,0
DA:223,0
DA:224,0
DA:225,0
DA:227,0
DA:228,0
DA:232,0
DA:233,0
DA:234,0
DA:236,0
DA:237,0
DA:242,0
DA:245,0
DA:248,0
DA:249,0
DA:250,0
DA:251,0
DA:252,0
DA:256,0
DA:259,0
DA:264,0
DA:265,0
DA:267,0
DA:268,0
DA:269,0
DA:271,0
DA:272,0
DA:273,0
DA:279,0
DA:280,0
DA:282,0
DA:283,0
DA:284,0
DA:285,0
DA:286,0
DA:287,0
DA:288,0
DA:289,0
DA:294,0
DA:295,0
DA:301,0
DA:302,0
DA:304,0
DA:306,0
DA:307,0
DA:308,0
DA:309,0
DA:313,0
DA:314,0
DA:315,0
DA:316,0
DA:317,0
DA:318,0
DA:321,0
DA:324,0
DA:325,0
DA:326,0
DA:330,0
DA:333,0
DA:338,0
DA:339,0
DA:342,0
DA:344,0
DA:346,0
DA:348,0
DA:351,0
DA:354,0
DA:357,0
DA:360,0
DA:363,0
DA:364,0
DA:365,0
DA:366,0
DA:367,0
DA:368,0
DA:369,0
DA:370,0
DA:371,0
DA:372,0
DA:376,0
DA:381,0
DA:382,0
DA:385,0
DA:391,0
DA:392,0
DA:393,0
DA:395,0
DA:396,0
DA:398,0
DA:399,0
DA:401,0
DA:402,0
DA:404,0
DA:405,0
DA:407,0
DA:408,0
DA:409,0
DA:410,0
DA:413,0
DA:416,0
DA:417,0
DA:420,0
DA:423,0
DA:426,0
DA:429,0
DA:432,0
DA:434,0
DA:436,0
DA:437,0
DA:438,0
DA:439,0
DA:441,0
DA:443,0
DA:444,0
DA:446,0
DA:447,0
DA:449,0
DA:450,0
DA:451,0
DA:453,0
DA:454,0
DA:455,0
DA:456,0
DA:457,0
DA:458,0
DA:460,0
DA:461,0
DA:462,0
DA:463,0
DA:464,0
DA:468,0
DA:471,0
DA:474,0
DA:478,0
DA:479,0
DA:480,0
DA:481,0
DA:482,0
DA:483,0
DA:484,0
DA:486,1
DA:487,1
DA:491,1
DA:492,1
DA:493,1
DA:494,1
DA:495,1
DA:496,1
DA:497,1
DA:498,1
DA:499,1
DA:500,1
DA:502,0
DA:504,1
DA:506,1
DA:518,1
DA:521,1
BRF:29
BRH:1
BRDA:92,388,0,0
BRDA:186,668,0,0
BRDA:187,668,1,0
BRDA:220,747,0,0
BRDA:222,754,0,0
BRDA:223,763,0,0
BRDA:224,772,0,0
BRDA:225,781,0,0
BRDA:228,789,0,0
BRDA:233,796,0,0
BRDA:234,796,1,0
BRDA:242,846,0,0
BRDA:301,981,0,0
BRDA:302,989,0,0
BRDA:307,1002,0,0
BRDA:308,1002,1,0
BRDA:315,1029,0,0
BRDA:316,1036,0,0
BRDA:317,1044,0,0
BRDA:318,1059,0,0
BRDA:342,1106,0,0
BRDA:344,1113,0,0
BRDA:346,1121,0,0
BRDA:348,1129,0,0
BRDA:413,1359,0,0
BRDA:416,1366,0,0
BRDA:417,1371,0,0
BRDA:494,1631,0,1
BRDA:502,1631,1,0
end_of_record
SF:C:\Users\cryptosmith\Documents\Clarity-Projects\Stacks-Grant\v5/contracts/stackspot-distribute.clar
FN:21,get-pox-info
FN:22,get-pool-config
FN:43,validate-can-claim-pot
FN:55,return-participant-principals
FN:68,dispatch-principals
FN:98,dispatch-rewards-with-sbtc
FN:102,dispatch-rewards
FN:234,delegate-treasury
FNF:8
FNH:0
DA:21,0
DA:22,0
DA:23,0
DA:25,0
DA:26,0
DA:27,0
DA:28,0
DA:29,0
DA:30,0
DA:31,0
DA:33,0
DA:34,0
DA:35,0
DA:36,0
DA:37,0
DA:43,0
DA:44,0
DA:46,0
DA:47,0
DA:49,0
DA:50,0
DA:55,0
DA:56,0
DA:58,0
DA:59,0
DA:61,0
DA:62,0
DA:64,0
DA:68,0
DA:69,0
DA:71,0
DA:72,0
DA:73,0
DA:76,0
DA:78,0
DA:81,0
DA:84,0
DA:85,0
DA:86,0
DA:87,0
DA:88,0
DA:89,0
DA:90,0
DA:91,0
DA:94,0
DA:98,0
DA:99,0
DA:102,0
DA:103,0
DA:106,0
DA:107,0
DA:109,0
DA:110,0
DA:112,0
DA:115,0
DA:116,0
DA:119,0
DA:120,0
DA:123,0
DA:124,0
DA:127,0
DA:128,0
DA:131,0
DA:132,0
DA:133,0
DA:134,0
DA:135,0
DA:136,0
DA:137,0
DA:146,0
DA:147,0
DA:148,0
DA:149,0
DA:153,0
DA:154,0
DA:159,0
DA:160,0
DA:164,0
DA:165,0
DA:169,0
DA:170,0
DA:174,0
DA:175,0
DA:178,0
DA:181,0
DA:183,0
DA:184,0
DA:185,0
DA:186,0
DA:188,0
DA:190,0
DA:191,0
DA:193,0
DA:194,0
DA:196,0
DA:197,0
DA:198,0
DA:200,0
DA:201,0
DA:202,0
DA:203,0
DA:204,0
DA:205,0
DA:207,0
DA:208,0
DA:209,0
DA:211,0
DA:215,0
DA:216,0
DA:217,0
DA:218,0
DA:219,0
DA:220,0
DA:221,0
DA:222,0
DA:223,0
DA:224,0
DA:225,0
DA:226,0
DA:227,0
DA:230,0
DA:234,0
DA:235,0
DA:237,0
DA:238,0
DA:243,0
DA:244,0
DA:246,0
DA:247,0
DA:248,0
DA:249,0
DA:250,0
DA:251,0
DA:252,0
DA:253,0
DA:257,0
BRF:19
BRH:0
BRDA:49,175,0,0
BRDA:76,277,0,0
BRDA:78,284,0,0
BRDA:146,499,0,0
BRDA:147,509,0,0
BRDA:148,516,0,0
BRDA:149,523,0,0
BRDA:153,530,0,0
BRDA:154,530,1,0
BRDA:159,546,0,0
BRDA:160,546,1,0
BRDA:164,562,0,0
BRDA:165,562,1,0
BRDA:169,578,0,0
BRDA:170,578,1,0
BRDA:174,594,0,0
BRDA:175,594,1,0
BRDA:243,814,0,0
BRDA:244,821,0,0
end_of_record
SF:C:\Users\cryptosmith\Documents\Clarity-Projects\Stacks-Grant\v5/contracts/stackspot-jackpot.clar
FN:61,get-pool-config
FN:81,validate-can-join-pot
FN:86,validate-can-claim-pot
FN:96,validate-pot-value-target-is-met
FN:100,is-locked
FN:180,get-pot-participant-values
FN:104,get-pot-details
FN:133,get-pot-treasury
FN:139,get-pot-admin
FN:145,get-last-participant
FN:149,get-configs
FN:159,get-pot-value
FN:164,add-pot-value
FN:168,remove-pot-value
FN:173,get-by-id-helper
FN:176,get-by-id-helper-private
FN:185,get-pot-participants
FN:199,get-pot-id
FN:204,get-pot-starter-principal
FN:209,get-pot-claimer-principal
FN:214,get-random-index
FN:224,delegate-to-pot
FN:276,join-pot
FN:295,cancel-pot
FN:319,start-stackspot-jackpot
FN:362,claim-pot-reward
FN:448,get-pot-cycle
FN:449,get-pot-min-amount
FN:450,get-pot-max-participants
FN:451,get-pot-name
FN:452,get-pot-type
FN:453,get-pot-origin-contract-sha-hash
FN:454,get-pot-reward-token
FN:461,init-pot
FNDA:1,init-pot
FNF:34
FNH:1
DA:61,0
DA:62,0
DA:64,0
DA:65,0
DA:66,0
DA:67,0
DA:68,0
DA:69,0
DA:71,0
DA:72,0
DA:73,0
DA:74,0
DA:75,0
DA:81,0
DA:82,0
DA:86,0
DA:87,0
DA:88,0
DA:89,0
DA:91,0
DA:96,0
DA:97,0
DA:100,0
DA:101,0
DA:104,0
DA:105,0
DA:107,0
DA:108,0
DA:109,0
DA:110,0
DA:112,0
DA:114,0
DA:116,0
DA:117,0
DA:118,0
DA:119,0
DA:120,0
DA:121,0
DA:133,0
DA:134,0
DA:139,0
DA:140,0
DA:145,0
DA:146,0
DA:149,0
DA:151,0
DA:152,0
DA:153,0
DA:159,0
DA:160,0
DA:164,0
DA:165,0
DA:168,0
DA:169,0
DA:173,0
DA:174,0
DA:176,0
DA:177,0
DA:180,0
DA:181,0
DA:185,0
DA:186,0
DA:187,0
DA:188,0
DA:189,0
DA:190,0
DA:191,0
DA:194,0
DA:199,0
DA:200,0
DA:204,0
DA:205,0
DA:209,0
DA:210,0
DA:214,0
DA:215,0
DA:217,0
DA:219,0
DA:224,0
DA:225,0
DA:227,0
DA:228,0
DA:229,0
DA:230,0
DA:231,0
DA:234,0
DA:236,0
DA:237,0
DA:238,0
DA:239,0
DA:241,0
DA:242,0
DA:244,0
DA:245,0
DA:246,0
DA:250,0
DA:251,0
DA:254,0
DA:257,0
DA:260,0
DA:261,0
DA:262,0
DA:263,0
DA:264,0
DA:268,0
DA:271,0
DA:276,0
DA:277,0
DA:283,0
DA:284,0
DA:286,0
DA:288,0
DA:289,0
DA:290,0
DA:291,0
DA:295,0
DA:296,0
DA:297,0
DA:298,0
DA:299,0
DA:302,0
DA:305,0
DA:308,0
DA:309,0
DA:310,0
DA:314,0
DA:319,0
DA:320,0
DA:323,0
DA:325,0
DA:327,0
DA:329,0
DA:332,0
DA:335,0
DA:338,0
DA:341,0
DA:344,0
DA:345,0
DA:346,0
DA:347,0
DA:348,0
DA:349,0
DA:350,0
DA:351,0
DA:352,0
DA:353,0
DA:357,0
DA:362,0
DA:363,0
DA:366,0
DA:372,0
DA:373,0
DA:375,0
DA:376,0
DA:378,0
DA:379,0
DA:381,0
DA:382,0
DA:384,0
DA:385,0
DA:387,0
DA:388,0
DA:389,0
DA:390,0
DA:393,0
DA:394,0
DA:397,0
DA:400,0
DA:403,0
DA:406,0
DA:409,0
DA:411,0
DA:413,0
DA:414,0
DA:415,0
DA:416,0
DA:418,0
DA:420,0
DA:421,0
DA:423,0
DA:424,0
DA:426,0
DA:427,0
DA:428,0
DA:430,0
DA:431,0
DA:432,0
DA:433,0
DA:434,0
DA:435,0
DA:437,0
DA:438,0
DA:439,0
DA:440,0
DA:441,0
DA:444,0
DA:448,0
DA:449,0
DA:450,0
DA:451,0
DA:452,0
DA:453,0
DA:454,0
DA:456,1
DA:457,1
DA:461,1
DA:462,1
DA:463,1
DA:464,1
DA:465,1
DA:466,1
DA:467,1
DA:468,1
DA:469,1
DA:470,1
DA:472,0
DA:474,1
DA:476,1
DA:488,1
DA:491,1
BRF:30
BRH:1
BRDA:91,384,0,0
BRDA:190,681,0,0
BRDA:191,681,1,0
BRDA:234,786,0,0
BRDA:236,793,0,0
BRDA:237,802,0,0
BRDA:238,811,0,0
BRDA:239,820,0,0
BRDA:242,828,0,0
BRDA:246,835,0,0
BRDA:254,861,0,0
BRDA:283,910,0,0
BRDA:284,918,0,0
BRDA:289,931,0,0
BRDA:290,931,1,0
BRDA:297,958,0,0
BRDA:298,966,0,0
BRDA:299,981,0,0
BRDA:323,1030,0,0
BRDA:325,1038,0,0
BRDA:327,1043,0,0
BRDA:329,1051,0,0
BRDA:382,1230,0,0
BRDA:382,1230,1,0
BRDA:385,1249,0,0
BRDA:385,1249,1,0
BRDA:393,1299,0,0
BRDA:394,1304,0,0
BRDA:464,1551,0,1
BRDA:472,1551,1,0
end_of_record
SF:C:\Users\cryptosmith\Documents\Clarity-Projects\Stacks-Grant\v5/contracts/stackspot-registry.clar
FN:9,log-pot
FNF:1
FNH:0
DA:9,0
DA:10,0
DA:11,0
DA:12,0
DA:13,0
BRF:1
BRH:0
BRDA:11,24,0,0
end_of_record
SF:C:\Users\cryptosmith\Documents\Clarity-Projects\Stacks-Grant\v5/contracts/stackspot-sequencial-pot.clar
FN:62,get-pool-config
FN:82,validate-can-join-pot
FN:87,validate-can-claim-pot
FN:97,validate-pot-value-target-is-met
FN:101,is-locked
FN:181,get-pot-participant-values
FN:105,get-pot-details
FN:134,get-pot-treasury
FN:140,get-pot-admin
FN:146,get-last-participant
FN:150,get-configs
FN:160,get-pot-value
FN:165,add-pot-value
FN:169,remove-pot-value
FN:174,get-by-id-helper
FN:177,get-by-id-helper-private
FN:186,get-pot-participants
FN:200,get-pot-id
FN:205,get-pot-starter-principal
FN:210,get-pot-claimer-principal
FN:215,get-random-index
FN:225,delegate-to-pot
FN:277,join-pot
FN:296,cancel-pot
FN:320,start-stackspot-jackpot
FN:363,claim-pot-reward
FN:465,get-pot-cycle
FN:466,get-pot-min-amount
FN:467,get-pot-max-participants
FN:468,get-pot-name
FN:469,get-pot-type
FN:470,get-pot-origin-contract-sha-hash
FN:471,get-pot-reward-token
FN:478,init-pot
FNDA:1,init-pot
FNF:34
FNH:1
DA:62,0
DA:63,0
DA:65,0
DA:66,0
DA:67,0
DA:68,0
DA:69,0
DA:70,0
DA:72,0
DA:73,0
DA:74,0
DA:75,0
DA:76,0
DA:82,0
DA:83,0
DA:87,0
DA:88,0
DA:89,0
DA:90,0
DA:92,0
DA:97,0
DA:98,0
DA:101,0
DA:102,0
DA:105,0
DA:106,0
DA:108,0
DA:109,0
DA:110,0
DA:111,0
DA:113,0
DA:115,0
DA:117,0
DA:118,0
DA:119,0
DA:120,0
DA:121,0
DA:122,0
DA:134,0
DA:135,0
DA:140,0
DA:141,0
DA:146,0
DA:147,0
DA:150,0
DA:152,0
DA:153,0
DA:154,0
DA:160,0
DA:161,0
DA:165,0
DA:166,0
DA:169,0
DA:170,0
DA:174,0
DA:175,0
DA:177,0
DA:178,0
DA:181,0
DA:182,0
DA:186,0
DA:187,0
DA:188,0
DA:189,0
DA:190,0
DA:191,0
DA:192,0
DA:195,0
DA:200,0
DA:201,0
DA:205,0
DA:206,0
DA:210,0
DA:211,0
DA:215,0
DA:216,0
DA:218,0
DA:220,0
DA:225,0
DA:226,0
DA:228,0
DA:229,0
DA:230,0
DA:231,0
DA:232,0
DA:235,0
DA:237,0
DA:238,0
DA:239,0
DA:240,0
DA:242,0
DA:243,0
DA:245,0
DA:246,0
DA:247,0
DA:251,0
DA:252,0
DA:255,0
DA:258,0
DA:261,0
DA:262,0
DA:263,0
DA:264,0
DA:265,0
DA:269,0
DA:272,0
DA:277,0
DA:278,0
DA:284,0
DA:285,0
DA:287,0
DA:289,0
DA:290,0
DA:291,0
DA:292,0
DA:296,0
DA:297,0
DA:298,0
DA:299,0
DA:300,0
DA:303,0
DA:306,0
DA:309,0
DA:310,0
DA:311,0
DA:315,0
DA:320,0
DA:321,0
DA:324,0
DA:326,0
DA:328,0
DA:330,0
DA:333,0
DA:336,0
DA:339,0
DA:342,0
DA:345,0
DA:346,0
DA:347,0
DA:348,0
DA:349,0
DA:350,0
DA:351,0
DA:352,0
DA:353,0
DA:354,0
DA:358,0
DA:363,0
DA:364,0
DA:367,0
DA:373,0
DA:374,0
DA:376,0
DA:377,0
DA:379,0
DA:380,0
DA:382,0
DA:383,0
DA:385,0
DA:386,0
DA:388,0
DA:389,0
DA:390,0
DA:391,0
DA:394,0
DA:395,0
DA:396,0
DA:399,0
DA:402,0
DA:404,0
DA:405,0
DA:407,0
DA:410,0
DA:413,0
DA:415,0
DA:417,0
DA:419,0
DA:421,0
DA:426,0
DA:428,0
DA:430,0
DA:431,0
DA:432,0
DA:433,0
DA:435,0
DA:437,0
DA:438,0
DA:440,0
DA:441,0
DA:443,0
DA:444,0
DA:445,0
DA:447,0
DA:448,0
DA:449,0
DA:450,0
DA:451,0
DA:452,0
DA:454,0
DA:455,0
DA:456,0
DA:457,0
DA:458,0
DA:461,0
DA:465,0
DA:466,0
DA:467,0
DA:468,0
DA:469,0
DA:470,0
DA:471,0
DA:473,1
DA:474,1
DA:478,1
DA:479,1
DA:480,1
DA:481,1
DA:482,1
DA:483,1
DA:484,1
DA:485,1
DA:486,1
DA:487,1
DA:489,0
DA:491,1
DA:493,1
DA:505,1
DA:508,1
BRF:33
BRH:1
BRDA:92,384,0,0
BRDA:191,688,0,0
BRDA:192,688,1,0
BRDA:235,793,0,0
BRDA:237,800,0,0
BRDA:238,809,0,0
BRDA:239,818,0,0
BRDA:240,827,0,0
BRDA:243,835,0,0
BRDA:247,842,0,0
BRDA:255,868,0,0
BRDA:284,917,0,0
BRDA:285,925,0,0
BRDA:290,938,0,0
BRDA:291,938,1,0
BRDA:298,965,0,0
BRDA:299,973,0,0
BRDA:300,988,0,0
BRDA:324,1037,0,0
BRDA:326,1045,0,0
BRDA:328,1050,0,0
BRDA:330,1058,0,0
BRDA:383,1237,0,0
BRDA:383,1237,1,0
BRDA:386,1256,0,0
BRDA:386,1256,1,0
BRDA:394,1301,0,0
BRDA:395,1306,0,0
BRDA:396,1313,0,0
BRDA:405,1343,0,0
BRDA:417,1343,1,0
BRDA:481,1607,0,1
BRDA:489,1607,1,0
end_of_record
SF:C:\Users\cryptosmith\Documents\Clarity-Projects\Stacks-Grant\v5/contracts/stackspot-trait.clar
FNF:0
FNH:0
BRF:0
BRH:0
end_of_record
SF:C:\Users\cryptosmith\Documents\Clarity-Projects\Stacks-Grant\v5/contracts/stackspot-vrf.clar
FN:35,lower-16-le
FN:12,get-random-uint-at-block
FN:50,generate-list
FNF:3
FNH:0
DA:12,0
DA:13,0
DA:14,0
DA:15,0
DA:16,0
DA:17,0
DA:18,0
DA:19,0
DA:21,0
DA:22,0
DA:23,0
DA:24,0
DA:25,0
DA:26,0
DA:28,0
DA:35,0
DA:36,0
DA:50,0
DA:54,0
BRF:0
BRH:0
end_of_record
SF:C:\Users\cryptosmith\Documents\Clarity-Projects\Stacks-Grant\v5/contracts/stackspot-winners.clar
FN:9,log-winner
FNF:1
FNH:0
DA:9,0
DA:10,0
DA:11,0
DA:12,0
DA:13,0
BRF:1
BRH:0
BRDA:11,24,0,0
end_of_record
SF:C:\Users\cryptosmith\Documents\Clarity-Projects\Stacks-Grant\v5/contracts/stackspots.clar
FN:11,get-platform-treasury
FN:49,update-fee
FN:55,get-fee
FN:186,mint
FN:153,log-pot
FN:59,register-pot
FN:162,get-last-token-id
FN:166,get-token-uri
FN:170,get-owner
FN:174,get-token-id
FN:179,transfer
FN:231,get-pot-info
FN:241,dispatch-principals
FN:256,dispatch-rewards
FN:272,delegate-treasury
FNDA:4,get-fee
FNDA:4,get-platform-treasury
FNDA:4,register-pot
FNDA:1,update-fee
FNF:15
FNH:4
DA:11,4
DA:49,1
DA:50,1
DA:51,1
DA:52,1
DA:55,1
DA:56,4
DA:59,1
DA:70,4
DA:72,4
DA:73,4
DA:74,4
DA:75,4
DA:76,4
DA:77,4
DA:78,4
DA:79,4
DA:80,0
DA:81,0
DA:82,0
DA:83,0
DA:91,0
DA:92,0
DA:93,0
DA:94,0
DA:95,0
DA:96,0
DA:99,0
DA:100,0
DA:101,0
DA:104,0
DA:105,0
DA:106,0
DA:107,0
DA:109,0
DA:110,0
DA:111,0
DA:112,0
DA:113,0
DA:114,0
DA:116,0
DA:117,0
DA:118,0
DA:121,0
DA:125,0
DA:129,0
DA:130,0
DA:132,0
DA:133,0
DA:134,0
DA:135,0
DA:137,0
DA:138,0
DA:139,0
DA:140,0
DA:141,0
DA:142,0
DA:144,0
DA:145,0
DA:146,0
DA:149,0
DA:153,0
DA:154,0
DA:155,0
DA:156,0
DA:162,0
DA:163,0
DA:166,0
DA:167,0
DA:170,0
DA:171,0
DA:174,0
DA:175,0
DA:179,0
DA:180,0
DA:181,0
DA:182,0
DA:186,0
DA:187,0
DA:189,0
DA:190,0
DA:191,0
DA:192,0
DA:197,0
DA:198,0
DA:199,0
DA:203,0
DA:204,0
DA:207,0
DA:208,0
DA:209,0
DA:210,0
DA:211,0
DA:212,0
DA:214,0
DA:217,0
DA:218,0
DA:219,0
DA:220,0
DA:221,0
DA:222,0
DA:223,0
DA:224,0
DA:227,0
DA:231,0
DA:232,0
DA:234,0
DA:235,0
DA:237,0
DA:241,0
DA:242,0
DA:244,0
DA:245,0
DA:248,0
DA:249,0
DA:250,0
DA:252,0
DA:256,0
DA:257,0
DA:259,0
DA:260,0
DA:263,0
DA:264,0
DA:266,0
DA:268,0
DA:272,0
DA:273,0
DA:275,0
DA:276,0
DA:277,0
DA:280,0
DA:281,0
DA:282,0
DA:284,0
DA:286,0
DA:290,1
BRF:23
BRH:0
BRDA:51,155,0,0
BRDA:91,454,0,0
BRDA:92,465,0,0
BRDA:93,472,0,0
BRDA:94,479,0,0
BRDA:95,486,0,0
BRDA:96,495,0,0
BRDA:125,503,0,0
BRDA:155,331,0,0
BRDA:181,669,0,0
BRDA:197,212,0,0
BRDA:198,218,0,0
BRDA:199,227,0,0
BRDA:203,236,0,0
BRDA:204,252,0,0
BRDA:248,738,0,0
BRDA:249,747,0,0
BRDA:250,756,0,0
BRDA:263,795,0,0
BRDA:264,804,0,0
BRDA:280,862,0,0
BRDA:281,866,0,0
BRDA:282,875,0,0
end_of_record

TN:
SF:C:\Users\cryptosmith\Documents\Clarity-Projects\Stacks-Grant\v5/contracts/sbtc-registry.clar
FN:86,get-withdrawal-request
FN:97,get-completed-withdrawal-sweep-data
FN:103,get-completed-deposit
FN:109,get-deposit-status
FN:115,get-current-signer-data
FN:126,get-current-aggregate-pubkey
FN:132,get-current-signer-principal
FN:136,get-current-signer-set
FN:140,get-active-protocol
FN:346,increment-last-withdrawal-request-id
FN:357,is-protocol-caller
FN:156,create-withdrawal-request
FN:194,complete-withdrawal-accept
FN:233,complete-withdrawal-reject
FN:257,complete-deposit
FN:291,rotate-keys
FN:323,update-protocol-contract
FNF:17
FNH:0
DA:23,1
DA:26,1
DA:86,0
DA:87,0
DA:88,0
DA:89,0
DA:91,0
DA:97,0
DA:98,0
DA:103,0
DA:104,0
DA:109,0
DA:110,0
DA:115,0
DA:117,0
DA:118,0
DA:119,0
DA:120,0
DA:126,0
DA:127,0
DA:132,0
DA:133,0
DA:136,0
DA:137,0
DA:140,0
DA:141,0
DA:156,0
DA:163,0
DA:165,0
DA:167,0
DA:169,0
DA:170,0
DA:171,0
DA:172,0
DA:173,0
DA:174,0
DA:176,0
DA:177,0
DA:178,0
DA:179,0
DA:180,0
DA:181,0
DA:182,0
DA:183,0
DA:185,0
DA:194,0
DA:204,0
DA:205,0
DA:207,0
DA:208,0
DA:209,0
DA:210,0
DA:211,0
DA:213,0
DA:214,0
DA:215,0
DA:216,0
DA:217,0
DA:218,0
DA:219,0
DA:220,0
DA:221,0
DA:222,0
DA:224,0
DA:233,0
DA:237,0
DA:238,0
DA:240,0
DA:241,0
DA:242,0
DA:243,0
DA:244,0
DA:246,0
DA:257,0
DA:266,0
DA:267,0
DA:268,0
DA:269,0
DA:270,0
DA:271,0
DA:272,0
DA:273,0
DA:274,0
DA:276,0
DA:277,0
DA:278,0
DA:279,0
DA:280,0
DA:281,0
DA:282,0
DA:283,0
DA:285,0
DA:291,0
DA:297,0
DA:299,0
DA:301,0
DA:303,0
DA:305,0
DA:307,0
DA:309,0
DA:310,0
DA:311,0
DA:312,0
DA:313,0
DA:314,0
DA:315,0
DA:317,0
DA:323,0
DA:327,0
DA:329,0
DA:331,0
DA:333,0
DA:334,0
DA:335,0
DA:336,0
DA:337,0
DA:339,0
DA:346,0
DA:347,0
DA:349,0
DA:351,0
DA:352,0
DA:357,0
DA:358,0
DA:360,0
DA:362,0
DA:363,0
BRF:5
BRH:0
BRDA:88,206,0,0
BRDA:91,206,1,0
BRDA:301,770,0,0
BRDA:360,378,0,0
BRDA:362,390,0,0
end_of_record
SF:C:\Users\cryptosmith\Documents\Clarity-Projects\Stacks-Grant\v5/contracts/sbtc-token.clar
FN:14,protocol-lock
FN:22,protocol-unlock
FN:30,protocol-mint
FN:37,protocol-burn
FN:44,protocol-burn-locked
FN:51,protocol-set-name
FN:58,protocol-set-symbol
FN:65,protocol-set-token-uri
FN:72,protocol-mint-many-iter
FN:76,protocol-mint-many
FN:119,transfer
FN:93,transfer-many-iter
FN:84,transfer-many
FN:128,get-name
FN:132,get-symbol
FN:136,get-decimals
FN:140,get-balance
FN:144,get-balance-available
FN:148,get-balance-locked
FN:152,get-total-supply
FN:156,get-token-uri
FNF:21
FNH:0
DA:14,0
DA:15,0
DA:16,0
DA:17,0
DA:18,0
DA:22,0
DA:23,0
DA:24,0
DA:25,0
DA:26,0
DA:30,0
DA:31,0
DA:32,0
DA:33,0
DA:37,0
DA:38,0
DA:39,0
DA:40,0
DA:44,0
DA:45,0
DA:46,0
DA:47,0
DA:51,0
DA:52,0
DA:53,0
DA:54,0
DA:58,0
DA:59,0
DA:60,0
DA:61,0
DA:65,0
DA:66,0
DA:67,0
DA:68,0
DA:72,0
DA:73,0
DA:76,0
DA:77,0
DA:78,0
DA:79,0
DA:84,0
DA:90,0
DA:93,0
DA:100,0
DA:102,0
DA:103,0
DA:104,0
DA:105,0
DA:106,0
DA:107,0
DA:108,0
DA:109,0
DA:110,0
DA:113,0
DA:119,0
DA:120,0
DA:121,0
DA:122,0
DA:123,0
DA:124,0
DA:128,0
DA:129,0
DA:132,0
DA:133,0
DA:136,0
DA:137,0
DA:140,0
DA:141,0
DA:144,0
DA:145,0
DA:148,0
DA:149,0
DA:152,0
DA:153,0
DA:156,0
DA:157,0
BRF:7
BRH:0
BRDA:102,449,0,0
BRDA:113,449,1,0
BRDA:121,387,0,0
BRDA:121,389,0,0
BRDA:121,389,1,0
BRDA:123,408,0,0
BRDA:123,408,1,0
end_of_record
SF:C:\Users\cryptosmith\Documents\Clarity-Projects\Stacks-Grant\v5/contracts/sim-pox-4.clar
FN:93,set-burnchain-parameters
FN:266,burn-height-to-reward-cycle
FN:270,reward-cycle-to-burn-height
FN:274,current-pox-reward-cycle
FN:279,get-stacker-info
FN:292,check-caller-allowed
FN:307,get-check-delegation
FN:323,get-reward-set-size
FN:332,append-reward-cycle-pox-addr
FN:347,get-total-ustx-stacked
FN:355,get-reward-set-pox-address
FN:366,add-pox-addr-to-ith-reward-cycle
FN:412,add-pox-addr-to-reward-cycles
FN:429,add-pox-partial-stacked-to-ith-cycle
FN:459,add-pox-partial-stacked
FN:470,get-stacking-minimum
FN:474,check-pox-addr-version
FN:478,check-pox-addr-hashbytes
FN:486,check-pox-lock-period
FN:509,minimal-can-stack-stx
FN:494,can-stack-stx
FN:534,disallow-contract-caller
FN:544,allow-contract-caller
FN:691,get-signer-key-message-hash
FN:735,verify-signer-key-sig
FN:772,consume-signer-key-authorization
FN:571,stack-stx
FN:626,revoke-delegate-stx
FN:642,delegate-stx
FN:802,inner-stack-aggregation-commit
FN:847,stack-aggregation-commit
FN:859,stack-aggregation-commit-indexed
FN:879,stack-aggregation-increase
FN:959,delegate-stack-stx
FN:1029,get-pox-info
FN:1044,increase-reward-cycle-entry
FN:1088,stack-increase
FN:1150,stack-extend
FN:1236,delegate-stack-increase
FN:1324,delegate-stack-extend
FN:1431,set-signer-key-authorization
FN:1457,get-delegation-info
FN:1466,get-allowance-contract-callers
FN:1472,get-num-reward-set-pox-addresses
FN:1482,get-partial-stacked-by-cycle
FNDA:4,allow-contract-caller
FNDA:5,burn-height-to-reward-cycle
FNDA:5,current-pox-reward-cycle
FNDA:5,get-pox-info
FNDA:5,get-stacking-minimum
FNF:45
FNH:5
DA:93,0
DA:97,0
DA:98,0
DA:99,0
DA:100,0
DA:101,0
DA:102,0
DA:103,0
DA:104,0
DA:266,1
DA:267,5
DA:270,0
DA:271,0
DA:274,1
DA:275,5
DA:279,0
DA:280,0
DA:282,0
DA:284,0
DA:286,0
DA:289,0
DA:292,0
DA:293,0
DA:294,0
DA:296,0
DA:297,0
DA:298,0
DA:299,0
DA:301,0
DA:303,0
DA:304,0
DA:305,0
DA:307,0
DA:308,0
DA:310,0
DA:311,0
DA:312,0
DA:314,0
DA:316,0
DA:323,0
DA:324,0
DA:325,0
DA:326,0
DA:332,0
DA:337,0
DA:338,0
DA:339,0
DA:340,0
DA:341,0
DA:342,0
DA:343,0
DA:344,0
DA:347,0
DA:348,0
DA:349,0
DA:350,0
DA:355,0
DA:356,0
DA:366,0
DA:375,0
DA:376,0
DA:377,0
DA:378,0
DA:379,0
DA:380,0
DA:382,0
DA:383,0
DA:384,0
DA:385,0
DA:386,0
DA:387,0
DA:390,0
DA:391,0
DA:392,0
DA:393,0
DA:394,0
DA:395,0
DA:397,0
DA:398,0
DA:399,0
DA:400,0
DA:401,0
DA:402,0
DA:403,0
DA:404,0
DA:405,0
DA:406,0
DA:412,0
DA:418,0
DA:419,0
DA:420,0
DA:421,0
DA:422,0
DA:425,0
DA:426,0
DA:427,0
DA:429,0
DA:435,0
DA:436,0
DA:437,0
DA:438,0
DA:439,0
DA:440,0
DA:441,0
DA:442,0
DA:443,0
DA:445,0
DA:447,0
DA:448,0
DA:449,0
DA:451,0
DA:452,0
DA:453,0
DA:454,0
DA:459,0
DA:463,0
DA:464,0
DA:465,0
DA:466,0
DA:470,1
DA:471,5
DA:474,0
DA:475,0
DA:478,0
DA:479,0
DA:480,0
DA:481,0
DA:482,0
DA:483,0
DA:486,0
DA:487,0
DA:488,0
DA:494,0
DA:498,0
DA:500,0
DA:501,0
DA:503,0
DA:509,0
DA:514,0
DA:516,0
DA:517,0
DA:520,0
DA:521,0
DA:524,0
DA:525,0
DA:528,0
DA:529,0
DA:531,0
DA:534,0
DA:535,0
DA:536,0
DA:537,0
DA:538,0
DA:544,1
DA:545,4
DA:546,4
DA:547,0
DA:548,4
DA:549,4
DA:550,4
DA:571,0
DA:580,0
DA:581,0
DA:584,0
DA:585,0
DA:588,0
DA:589,0
DA:592,0
DA:593,0
DA:596,0
DA:597,0
DA:600,0
DA:601,0
DA:604,0
DA:607,0
DA:610,0
DA:612,0
DA:613,0
DA:614,0
DA:615,0
DA:616,0
DA:617,0
DA:618,0
DA:621,0
DA:626,0
DA:627,0
DA:629,0
DA:630,0
DA:631,0
DA:632,0
DA:633,0
DA:642,0
DA:647,0
DA:649,0
DA:650,0
DA:661,0
DA:663,0
DA:664,0
DA:665,0
DA:667,0
DA:669,0
DA:670,0
DA:671,0
DA:674,0
DA:675,0
DA:678,0
DA:679,0
DA:680,0
DA:681,0
DA:682,0
DA:683,0
DA:685,0
DA:691,0
DA:697,0
DA:698,0
DA:699,0
DA:700,0
DA:701,0
DA:702,0
DA:703,0
DA:704,0
DA:705,0
DA:706,0
DA:707,0
DA:708,0
DA:735,0
DA:744,0
DA:746,0
DA:747,0
DA:748,0
[...]
FN:46,is-admin
FN:50,can-deploy-pot
FN:60,add-pot-contract-hash
FN:76,is-contract-allowed-hash
FNDA:1,add-update-admin-status
FNF:6
FNH:1
DA:20,1
DA:21,2
DA:22,2
DA:23,2
DA:24,2
DA:25,2
DA:26,2
DA:27,2
DA:29,2
DA:33,0
DA:34,0
DA:35,0
DA:36,0
DA:37,0
DA:38,0
DA:39,0
DA:40,0
DA:42,0
DA:46,0
DA:47,0
DA:50,0
DA:51,0
DA:53,0
DA:54,0
DA:56,0
DA:60,0
DA:61,0
DA:63,0
DA:66,0
DA:67,0
DA:68,0
DA:69,0
DA:70,0
DA:72,0
DA:76,0
DA:77,0
DA:80,1
DA:81,1
BRF:5
BRH:0
BRDA:22,50,0,0
BRDA:35,87,0,0
BRDA:56,149,0,0
BRDA:56,149,1,0
BRDA:66,176,0,0
end_of_record
SF:C:\Users\cryptosmith\Documents\Clarity-Projects\Stacks-Grant\v5/contracts/stackspot-audited-contracts.clar
FN:14,update-audited-contract
FN:21,remove-audited-contract
FN:28,is-audited-contract
FNF:3
FNH:0
DA:14,0
DA:15,0
DA:16,0
DA:17,0
DA:21,0
DA:22,0
DA:23,0
DA:24,0
DA:28,0
DA:29,0
BRF:2
BRH:0
BRDA:16,32,0,0
BRDA:23,57,0,0
end_of_record
SF:C:\Users\cryptosmith\Documents\Clarity-Projects\Stacks-Grant\v5/contracts/stackspot-crowd-fund-pot.clar
FN:61,get-pool-config
FN:81,validate-can-join-pot
FN:86,validate-can-claim-pot
FN:96,validate-pot-value-target-is-met
FN:100,is-locked
FN:180,get-pot-participant-values
FN:104,get-pot-details
FN:133,get-pot-treasury
FN:139,get-pot-admin
FN:145,get-last-participant
FN:149,get-configs
FN:159,get-pot-value
FN:164,add-pot-value
FN:168,remove-pot-value
FN:173,get-by-id-helper
FN:176,get-by-id-helper-private
FN:185,get-pot-participants
FN:199,get-pot-id
FN:204,get-pot-starter-principal
FN:209,get-pot-claimer-principal
FN:214,get-random-index
FN:224,delegate-to-pot
FN:276,join-pot
FN:295,cancel-pot
FN:319,start-stackspot-jackpot
FN:362,claim-pot-reward
FN:446,get-pot-cycle
FN:447,get-pot-min-amount
FN:448,get-pot-max-participants
FN:449,get-pot-name
FN:450,get-pot-type
FN:451,get-pot-origin-contract-sha-hash
FN:452,get-pot-reward-token
FN:459,init-pot
FNDA:1,init-pot
FNF:34
FNH:1
DA:61,0
DA:62,0
DA:64,0
DA:65,0
DA:66,0
DA:67,0
DA:68,0
DA:69,0
DA:71,0
DA:72,0
DA:73,0
DA:74,0
DA:75,0
DA:81,0
DA:82,0
DA:86,0
DA:87,0
DA:88,0
DA:89,0
DA:91,0
DA:96,0
DA:97,0
DA:100,0
DA:101,0
DA:104,0
DA:105,0
DA:107,0
DA:108,0
DA:109,0
DA:110,0
DA:112,0
DA:114,0
DA:116,0
DA:117,0
DA:118,0
DA:119,0
DA:120,0
DA:121,0
DA:133,0
DA:134,0
DA:139,0
DA:140,0
DA:145,0
DA:146,0
DA:149,0
DA:151,0
DA:152,0
DA:153,0
DA:159,0
DA:160,0
DA:164,0
DA:165,0
DA:168,0
DA:169,0
DA:173,0
DA:174,0
DA:176,0
DA:177,0
DA:180,0
DA:181,0
DA:185,0
DA:186,0
DA:187,0
DA:188,0
DA:189,0
DA:190,0
DA:191,0
DA:194,0
DA:199,0
DA:200,0
DA:204,0
DA:205,0
DA:209,0
DA:210,0
DA:214,0
DA:215,0
DA:217,0
DA:219,0
DA:224,0
DA:225,0
DA:227,0
DA:228,0
DA:229,0
DA:230,0
DA:231,0
DA:234,0
DA:236,0
DA:237,0
DA:238,0
DA:239,0
DA:241,0
DA:242,0
DA:244,0
DA:245,0
DA:246,0
DA:250,0
DA:251,0
DA:254,0
DA:257,0
DA:260,0
DA:261,0
DA:262,0
DA:263,0
DA:264,0
DA:268,0
DA:271,0
DA:276,0
DA:277,0
DA:283,0
DA:284,0
DA:286,0
DA:288,0
DA:289,0
DA:290,0
DA:291,0
DA:295,0
DA:296,0
DA:297,0
DA:298,0
DA:299,0
DA:302,0
DA:305,0
DA:308,0
DA:309,0
DA:310,0
DA:314,0
DA:319,0
DA:320,0
DA:323,0
DA:325,0
DA:327,0
DA:329,0
DA:332,0
DA:335,0
DA:338,0
DA:341,0
DA:344,0
DA:345,0
DA:346,0
DA:347,0
DA:348,0
DA:349,0
DA:350,0
DA:351,0
DA:352,0
DA:353,0
DA:357,0
DA:362,0
DA:363,0
DA:366,0
DA:372,0
DA:373,0
DA:375,0
DA:376,0
DA:378,0
DA:379,0
DA:381,0
DA:382,0
DA:384,0
DA:385,0
DA:387,0
DA:388,0
DA:391,0
DA:392,0
DA:395,0
DA:398,0
DA:401,0
DA:404,0
DA:407,0
DA:409,0
DA:411,0
DA:412,0
DA:413,0
DA:414,0
DA:416,0
DA:418,0
DA:419,0
DA:421,0
DA:422,0
DA:424,0
DA:425,0
DA:426,0
DA:428,0
DA:429,0
DA:430,0
DA:431,0
DA:432,0
DA:433,0
DA:435,0
DA:436,0
DA:437,0
DA:438,0
DA:439,0
DA:442,0
DA:446,0
DA:447,0
DA:448,0
DA:449,0
DA:450,0
DA:451,0
DA:452,0
DA:454,1
DA:455,1
DA:459,1
DA:460,1
DA:461,1
DA:462,1
DA:463,1
DA:464,1
DA:465,1
DA:466,1
DA:467,1
DA:468,1
DA:469,1
DA:471,0
DA:473,1
DA:475,1
DA:488,1
DA:491,1
BRF:30
BRH:1
BRDA:91,384,0,0
BRDA:190,681,0,0
BRDA:191,681,1,0
BRDA:234,786,0,0
BRDA:236,793,0,0
BRDA:237,802,0,0
BRDA:238,811,0,0
BRDA:239,820,0,0
BRDA:242,828,0,0
BRDA:246,835,0,0
BRDA:254,861,0,0
BRDA:283,910,0,0
BRDA:284,918,0,0
BRDA:289,931,0,0
BRDA:290,931,1,0
BRDA:297,958,0,0
BRDA:298,966,0,0
BRDA:299,981,0,0
BRDA:323,1030,0,0
BRDA:325,1038,0,0
BRDA:327,1043,0,0
BRDA:329,1051,0,0
BRDA:382,1235,0,0
BRDA:382,1235,1,0
BRDA:385,1254,0,0
BRDA:385,1254,1,0
BRDA:391,1282,0,0
BRDA:392,1287,0,0
BRDA:462,1534,0,1
BRDA:471,1534,1,0
end_of_record
SF:C:\Users\cryptosmith\Documents\Clarity-Projects\Stacks-Grant\v5/contracts/stackspot-cryptonauts.clar
FN:62,get-pool-config
FN:82,validate-can-join-pot
FN:87,validate-can-claim-pot
FN:96,is-locked
FN:176,get-pot-participant-values
FN:100,get-pot-details
FN:129,get-pot-treasury
FN:135,get-pot-admin
FN:141,get-last-participant
FN:145,get-configs
FN:155,get-pot-value
FN:160,add-pot-value
FN:164,remove-pot-value
FN:169,get-by-id-helper
FN:172,get-by-id-helper-private
FN:181,get-pot-participants
FN:195,get-pot-id
FN:200,get-pot-starter-principal
FN:205,get-pot-claimer-principal
FN:210,delegate-to-pot
FN:264,reset-map-values
FN:279,reset-pot-values
FN:294,join-pot
FN:313,cancel-pot
FN:338,start-stackspot-jackpot
FN:381,cryptonauts-pay-winner
FN:478,get-pot-cycle
FN:479,get-pot-min-amount
FN:480,get-pot-max-participants
FN:481,get-pot-name
FN:482,get-pot-type
FN:483,get-pot-origin-contract-sha-hash
FN:484,get-pot-reward-token
FN:491,init-pot
FNDA:1,init-pot
FNF:34
FNH:1
DA:62,0
DA:63,0
DA:65,0
DA:66,0
DA:67,0
DA:68,0
DA:69,0
DA:70,0
DA:72,0
DA:73,0
DA:74,0
DA:75,0
DA:76,0
DA:82,0
DA:83,0
DA:87,0
DA:88,0
DA:89,0
DA:90,0
DA:92,0
DA:96,0
DA:97,0
DA:100,0
DA:101,0
DA:103,0
DA:104,0
DA:105,0
DA:106,0
DA:108,0
DA:110,0
DA:112,0
DA:113,0
DA:114,0
DA:115,0
DA:116,0
DA:117,0
DA:129,0
DA:130,0
DA:135,0
DA:136,0
DA:141,0
DA:142,0
DA:145,0
DA:147,0
DA:148,0
DA:149,0
DA:155,0
DA:156,0
DA:160,0
DA:161,0
DA:164,0
DA:165,0
DA:169,0
DA:170,0
DA:172,0
DA:173,0
DA:176,0
DA:177,0
DA:181,0
DA:182,0
DA:183,0
DA:184,0
DA:185,0
DA:186,0
DA:187,0
DA:190,0
DA:195,0
DA:196,0
DA:200,0
DA:201,0
DA:205,0
DA:206,0
DA:210,0
DA:211,0
DA:213,0
DA:214,0
DA:215,0
DA:216,0
DA:217,0
DA:220,0
DA:222,0
DA:223,0
DA:224,0
DA:225,0
DA:227,0
DA:228,0
DA:232,0
DA:233,0
DA:234,0
DA:236,0
DA:237,0
DA:242,0
DA:245,0
DA:248,0
DA:249,0
DA:250,0
DA:251,0
DA:252,0
DA:256,0
DA:259,0
DA:264,0
DA:265,0
DA:267,0
DA:268,0
DA:269,0
DA:271,0
DA:272,0
DA:273,0
DA:279,0
DA:280,0
DA:282,0
DA:283,0
DA:284,0
DA:285,0
DA:286,0
DA:287,0
DA:288,0
DA:289,0
DA:294,0
DA:295,0
DA:301,0
DA:302,0
DA:304,0
DA:306,0
DA:307,0
DA:308,0
DA:309,0
DA:313,0
DA:314,0
DA:315,0
DA:316,0
DA:317,0
DA:318,0
DA:321,0
DA:324,0
DA:325,0
DA:326,0
DA:330,0
DA:333,0
DA:338,0
DA:339,0
DA:342,0
DA:344,0
DA:346,0
DA:348,0
DA:351,0
DA:354,0
DA:357,0
DA:360,0
DA:363,0
DA:364,0
DA:365,0
DA:366,0
DA:367,0
DA:368,0
DA:369,0
DA:370,0
DA:371,0
DA:372,0
DA:376,0
DA:381,0
DA:382,0
DA:385,0
DA:391,0
DA:392,0
DA:393,0
DA:395,0
DA:396,0
DA:398,0
DA:399,0
DA:401,0
DA:402,0
DA:404,0
DA:405,0
DA:407,0
DA:408,0
DA:409,0
DA:410,0
DA:413,0
DA:416,0
DA:417,0
DA:420,0
DA:423,0
DA:426,0
DA:429,0
DA:432,0
DA:434,0
DA:436,0
DA:437,0
DA:438,0
DA:439,0
DA:441,0
DA:443,0
DA:444,0
DA:446,0
DA:447,0
DA:449,0
DA:450,0
DA:451,0
DA:453,0
DA:454,0
DA:455,0
DA:456,0
DA:457,0
DA:458,0
DA:460,0
DA:461,0
DA:462,0
DA:463,0
DA:464,0
DA:468,0
DA:471,0
DA:474,0
DA:478,0
DA:479,0
DA:480,0
DA:481,0
DA:482,0
DA:483,0
DA:484,0
DA:486,1
DA:487,1
DA:491,1
DA:492,1
DA:493,1
DA:494,1
DA:495,1
DA:496,1
DA:497,1
DA:498,1
DA:499,1
DA:500,1
DA:502,0
DA:504,1
DA:506,1
DA:518,1
DA:521,1
BRF:29
BRH:1
BRDA:92,388,0,0
BRDA:186,668,0,0
BRDA:187,668,1,0
BRDA:220,747,0,0
BRDA:222,754,0,0
BRDA:223,763,0,0
BRDA:224,772,0,0
BRDA:225,781,0,0
BRDA:228,789,0,0
BRDA:233,796,0,0
BRDA:234,796,1,0
BRDA:242,846,0,0
BRDA:301,981,0,0
BRDA:302,989,0,0
BRDA:307,1002,0,0
BRDA:308,1002,1,0
BRDA:315,1029,0,0
BRDA:316,1036,0,0
BRDA:317,1044,0,0
BRDA:318,1059,0,0
BRDA:342,1106,0,0
BRDA:344,1113,0,0
BRDA:346,1121,0,0
BRDA:348,1129,0,0
BRDA:413,1359,0,0
BRDA:416,1366,0,0
BRDA:417,1371,0,0
BRDA:494,1631,0,1
BRDA:502,1631,1,0
end_of_record
SF:C:\Users\cryptosmith\Documents\Clarity-Projects\Stacks-Grant\v5/contracts/stackspot-distribute.clar
FN:21,get-pox-info
FN:22,get-pool-config
FN:43,validate-can-claim-pot
FN:55,return-participant-principals
FN:68,dispatch-principals
FN:98,dispatch-rewards-with-sbtc
FN:102,dispatch-rewards
FN:234,delegate-treasury
FNF:8
FNH:0
DA:21,0
DA:22,0
DA:23,0
DA:25,0
DA:26,0
DA:27,0
DA:28,0
DA:29,0
DA:30,0
DA:31,0
DA:33,0
DA:34,0
DA:35,0
DA:36,0
DA:37,0
DA:43,0
DA:44,0
DA:46,0
DA:47,0
DA:49,0
DA:50,0
DA:55,0
DA:56,0
DA:58,0
DA:59,0
DA:61,0
DA:62,0
DA:64,0
DA:68,0
DA:69,0
DA:71,0
DA:72,0
DA:73,0
DA:76,0
DA:78,0
DA:81,0
DA:84,0
DA:85,0
DA:86,0
DA:87,0
DA:88,0
DA:89,0
DA:90,0
DA:91,0
DA:94,0
DA:98,0
DA:99,0
DA:102,0
DA:103,0
DA:106,0
DA:107,0
DA:109,0
DA:110,0
DA:112,0
DA:115,0
DA:116,0
DA:119,0
DA:120,0
DA:123,0
DA:124,0
DA:127,0
DA:128,0
DA:131,0
DA:132,0
DA:133,0
DA:134,0
DA:135,0
DA:136,0
DA:137,0
DA:146,0
DA:147,0
DA:148,0
DA:149,0
DA:153,0
DA:154,0
DA:159,0
DA:160,0
DA:164,0
DA:165,0
DA:169,0
DA:170,0
DA:174,0
DA:175,0
DA:178,0
DA:181,0
DA:183,0
DA:184,0
DA:185,0
DA:186,0
DA:188,0
DA:190,0
DA:191,0
DA:193,0
DA:194,0
DA:196,0
DA:197,0
DA:198,0
DA:200,0
DA:201,0
DA:202,0
DA:203,0
DA:204,0
DA:205,0
DA:207,0
DA:208,0
DA:209,0
DA:211,0
DA:215,0
DA:216,0
DA:217,0
DA:218,0
DA:219,0
DA:220,0
DA:221,0
DA:222,0
DA:223,0
DA:224,0
DA:225,0
DA:226,0
DA:227,0
DA:230,0
DA:234,0
DA:235,0
DA:237,0
DA:238,0
DA:243,0
DA:244,0
DA:246,0
DA:247,0
DA:248,0
DA:249,0
DA:250,0
DA:251,0
DA:252,0
DA:253,0
DA:257,0
BRF:19
BRH:0
BRDA:49,175,0,0
BRDA:76,277,0,0
BRDA:78,284,0,0
BRDA:146,499,0,0
BRDA:147,509,0,0
BRDA:148,516,0,0
BRDA:149,523,0,0
BRDA:153,530,0,0
BRDA:154,530,1,0
BRDA:159,546,0,0
BRDA:160,546,1,0
BRDA:164,562,0,0
BRDA:165,562,1,0
BRDA:169,578,0,0
BRDA:170,578,1,0
BRDA:174,594,0,0
BRDA:175,594,1,0
BRDA:243,814,0,0
BRDA:244,821,0,0
end_of_record
SF:C:\Users\cryptosmith\Documents\Clarity-Projects\Stacks-Grant\v5/contracts/stackspot-jackpot.clar
FN:61,get-pool-config
FN:81,validate-can-join-pot
FN:86,validate-can-claim-pot
FN:96,validate-pot-value-target-is-met
FN:100,is-locked
FN:180,get-pot-participant-values
FN:104,get-pot-details
FN:133,get-pot-treasury
FN:139,get-pot-admin
FN:145,get-last-participant
FN:149,get-configs
FN:159,get-pot-value
FN:164,add-pot-value
FN:168,remove-pot-value
FN:173,get-by-id-helper
FN:176,get-by-id-helper-private
FN:185,get-pot-participants
FN:199,get-pot-id
FN:204,get-pot-starter-principal
FN:209,get-pot-claimer-principal
FN:214,get-random-index
FN:224,delegate-to-pot
FN:276,join-pot
FN:295,cancel-pot
FN:319,start-stackspot-jackpot
FN:362,claim-pot-reward
FN:448,get-pot-cycle
FN:449,get-pot-min-amount
FN:450,get-pot-max-participants
FN:451,get-pot-name
FN:452,get-pot-type
FN:453,get-pot-origin-contract-sha-hash
FN:454,get-pot-reward-token
FN:461,init-pot
FNDA:1,init-pot
FNF:34
FNH:1
DA:61,0
DA:62,0
DA:64,0
DA:65,0
DA:66,0
DA:67,0
DA:68,0
DA:69,0
DA:71,0
DA:72,0
DA:73,0
DA:74,0
DA:75,0
DA:81,0
DA:82,0
DA:86,0
DA:87,0
DA:88,0
DA:89,0
DA:91,0
DA:96,0
DA:97,0
DA:100,0
DA:101,0
DA:104,0
DA:105,0
DA:107,0
DA:108,0
DA:109,0
DA:110,0
DA:112,0
DA:114,0
DA:116,0
DA:117,0
DA:118,0
DA:119,0
DA:120,0
DA:121,0
DA:133,0
DA:134,0
DA:139,0
DA:140,0
DA:145,0
DA:146,0
DA:149,0
DA:151,0
DA:152,0
DA:153,0
DA:159,0
DA:160,0
DA:164,0
DA:165,0
DA:168,0
DA:169,0
DA:173,0
DA:174,0
DA:176,0
DA:177,0
DA:180,0
DA:181,0
DA:185,0
DA:186,0
DA:187,0
DA:188,0
DA:189,0
DA:190,0
DA:191,0
DA:194,0
DA:199,0
DA:200,0
DA:204,0
DA:205,0
DA:209,0
DA:210,0
DA:214,0
DA:215,0
DA:217,0
DA:219,0
DA:224,0
DA:225,0
DA:227,0
DA:228,0
DA:229,0
DA:230,0
DA:231,0
DA:234,0
DA:236,0
DA:237,0
DA:238,0
DA:239,0
DA:241,0
DA:242,0
DA:244,0
DA:245,0
DA:246,0
DA:250,0
DA:251,0
DA:254,0
DA:257,0
DA:260,0
DA:261,0
DA:262,0
DA:263,0
DA:264,0
DA:268,0
DA:271,0
DA:276,0
DA:277,0
DA:283,0
DA:284,0
DA:286,0
DA:288,0
DA:289,0
DA:290,0
DA:291,0
DA:295,0
DA:296,0
DA:297,0
DA:298,0
DA:299,0
DA:302,0
DA:305,0
DA:308,0
DA:309,0
DA:310,0
DA:314,0
DA:319,0
DA:320,0
DA:323,0
DA:325,0
DA:327,0
DA:329,0
DA:332,0
DA:335,0
DA:338,0
DA:341,0
DA:344,0
DA:345,0
DA:346,0
DA:347,0
DA:348,0
DA:349,0
DA:350,0
DA:351,0
DA:352,0
DA:353,0
DA:357,0
DA:362,0
DA:363,0
DA:366,0
DA:372,0
DA:373,0
DA:375,0
DA:376,0
DA:378,0
DA:379,0
DA:381,0
DA:382,0
DA:384,0
DA:385,0
DA:387,0
DA:388,0
DA:389,0
DA:390,0
DA:393,0
DA:394,0
DA:397,0
DA:400,0
DA:403,0
DA:406,0
DA:409,0
DA:411,0
DA:413,0
DA:414,0
DA:415,0
DA:416,0
DA:418,0
DA:420,0
DA:421,0
DA:423,0
DA:424,0
DA:426,0
DA:427,0
DA:428,0
DA:430,0
DA:431,0
DA:432,0
DA:433,0
DA:434,0
DA:435,0
DA:437,0
DA:438,0
DA:439,0
DA:440,0
DA:441,0
DA:444,0
DA:448,0
DA:449,0
DA:450,0
DA:451,0
DA:452,0
DA:453,0
DA:454,0
DA:456,1
DA:457,1
DA:461,1
DA:462,1
DA:463,1
DA:464,1
DA:465,1
DA:466,1
DA:467,1
DA:468,1
DA:469,1
DA:470,1
DA:472,0
DA:474,1
DA:476,1
DA:488,1
DA:491,1
BRF:30
BRH:1
BRDA:91,384,0,0
BRDA:190,681,0,0
BRDA:191,681,1,0
BRDA:234,786,0,0
BRDA:236,793,0,0
BRDA:237,802,0,0
BRDA:238,811,0,0
BRDA:239,820,0,0
BRDA:242,828,0,0
BRDA:246,835,0,0
BRDA:254,861,0,0
BRDA:283,910,0,0
BRDA:284,918,0,0
BRDA:289,931,0,0
BRDA:290,931,1,0
BRDA:297,958,0,0
BRDA:298,966,0,0
BRDA:299,981,0,0
BRDA:323,1030,0,0
BRDA:325,1038,0,0
BRDA:327,1043,0,0
BRDA:329,1051,0,0
BRDA:382,1230,0,0
BRDA:382,1230,1,0
BRDA:385,1249,0,0
BRDA:385,1249,1,0
BRDA:393,1299,0,0
BRDA:394,1304,0,0
BRDA:464,1551,0,1
BRDA:472,1551,1,0
end_of_record
SF:C:\Users\cryptosmith\Documents\Clarity-Projects\Stacks-Grant\v5/contracts/stackspot-registry.clar
FN:9,log-pot
FNF:1
FNH:0
DA:9,0
DA:10,0
DA:11,0
DA:12,0
DA:13,0
BRF:1
BRH:0
BRDA:11,24,0,0
end_of_record
SF:C:\Users\cryptosmith\Documents\Clarity-Projects\Stacks-Grant\v5/contracts/stackspot-sequencial-pot.clar
FN:62,get-pool-config
FN:82,validate-can-join-pot
FN:87,validate-can-claim-pot
FN:97,validate-pot-value-target-is-met
FN:101,is-locked
FN:181,get-pot-participant-values
FN:105,get-pot-details
FN:134,get-pot-treasury
FN:140,get-pot-admin
FN:146,get-last-participant
FN:150,get-configs
FN:160,get-pot-value
FN:165,add-pot-value
FN:169,remove-pot-value
FN:174,get-by-id-helper
FN:177,get-by-id-helper-private
FN:186,get-pot-participants
FN:200,get-pot-id
FN:205,get-pot-starter-principal
FN:210,get-pot-claimer-principal
FN:215,get-random-index
FN:225,delegate-to-pot
FN:277,join-pot
FN:296,cancel-pot
FN:320,start-stackspot-jackpot
FN:363,claim-pot-reward
FN:465,get-pot-cycle
FN:466,get-pot-min-amount
FN:467,get-pot-max-participants
FN:468,get-pot-name
FN:469,get-pot-type
FN:470,get-pot-origin-contract-sha-hash
FN:471,get-pot-reward-token
FN:478,init-pot
FNDA:1,init-pot
FNF:34
FNH:1
DA:62,0
DA:63,0
DA:65,0
DA:66,0
DA:67,0
DA:68,0
DA:69,0
DA:70,0
DA:72,0
DA:73,0
DA:74,0
DA:75,0
DA:76,0
DA:82,0
DA:83,0
DA:87,0
DA:88,0
DA:89,0
DA:90,0
DA:92,0
DA:97,0
DA:98,0
DA:101,0
DA:102,0
DA:105,0
DA:106,0
DA:108,0
DA:109,0
DA:110,0
DA:111,0
DA:113,0
DA:115,0
DA:117,0
DA:118,0
DA:119,0
DA:120,0
DA:121,0
DA:122,0
DA:134,0
DA:135,0
DA:140,0
DA:141,0
DA:146,0
DA:147,0
DA:150,0
DA:152,0
DA:153,0
DA:154,0
DA:160,0
DA:161,0
DA:165,0
DA:166,0
DA:169,0
DA:170,0
DA:174,0
DA:175,0
DA:177,0
DA:178,0
DA:181,0
DA:182,0
DA:186,0
DA:187,0
DA:188,0
DA:189,0
DA:190,0
DA:191,0
DA:192,0
DA:195,0
DA:200,0
DA:201,0
DA:205,0
DA:206,0
DA:210,0
DA:211,0
DA:215,0
DA:216,0
DA:218,0
DA:220,0
DA:225,0
DA:226,0
DA:228,0
DA:229,0
DA:230,0
DA:231,0
DA:232,0
DA:235,0
DA:237,0
DA:238,0
DA:239,0
DA:240,0
DA:242,0
DA:243,0
DA:245,0
DA:246,0
DA:247,0
DA:251,0
DA:252,0
DA:255,0
DA:258,0
DA:261,0
DA:262,0
DA:263,0
DA:264,0
DA:265,0
DA:269,0
DA:272,0
DA:277,0
DA:278,0
DA:284,0
DA:285,0
DA:287,0
DA:289,0
DA:290,0
DA:291,0
DA:292,0
DA:296,0
DA:297,0
DA:298,0
DA:299,0
DA:300,0
DA:303,0
DA:306,0
DA:309,0
DA:310,0
DA:311,0
DA:315,0
DA:320,0
DA:321,0
DA:324,0
DA:326,0
DA:328,0
DA:330,0
DA:333,0
DA:336,0
DA:339,0
DA:342,0
DA:345,0
DA:346,0
DA:347,0
DA:348,0
DA:349,0
DA:350,0
DA:351,0
DA:352,0
DA:353,0
DA:354,0
DA:358,0
DA:363,0
DA:364,0
DA:367,0
DA:373,0
DA:374,0
DA:376,0
DA:377,0
DA:379,0
DA:380,0
DA:382,0
DA:383,0
DA:385,0
DA:386,0
DA:388,0
DA:389,0
DA:390,0
DA:391,0
DA:394,0
DA:395,0
DA:396,0
DA:399,0
DA:402,0
DA:404,0
DA:405,0
DA:407,0
DA:410,0
DA:413,0
DA:415,0
DA:417,0
DA:419,0
DA:421,0
DA:426,0
DA:428,0
DA:430,0
DA:431,0
DA:432,0
DA:433,0
DA:435,0
DA:437,0
DA:438,0
DA:440,0
DA:441,0
DA:443,0
DA:444,0
DA:445,0
DA:447,0
DA:448,0
DA:449,0
DA:450,0
DA:451,0
DA:452,0
DA:454,0
DA:455,0
DA:456,0
DA:457,0
DA:458,0
DA:461,0
DA:465,0
DA:466,0
DA:467,0
DA:468,0
DA:469,0
DA:470,0
DA:471,0
DA:473,1
DA:474,1
DA:478,1
DA:479,1
DA:480,1
DA:481,1
DA:482,1
DA:483,1
DA:484,1
DA:485,1
DA:486,1
DA:487,1
DA:489,0
DA:491,1
DA:493,1
DA:505,1
DA:508,1
BRF:33
BRH:1
BRDA:92,384,0,0
BRDA:191,688,0,0
BRDA:192,688,1,0
BRDA:235,793,0,0
BRDA:237,800,0,0
BRDA:238,809,0,0
BRDA:239,818,0,0
BRDA:240,827,0,0
BRDA:243,835,0,0
BRDA:247,842,0,0
BRDA:255,868,0,0
BRDA:284,917,0,0
BRDA:285,925,0,0
BRDA:290,938,0,0
BRDA:291,938,1,0
BRDA:298,965,0,0
BRDA:299,973,0,0
BRDA:300,988,0,0
BRDA:324,1037,0,0
BRDA:326,1045,0,0
BRDA:328,1050,0,0
BRDA:330,1058,0,0
BRDA:383,1237,0,0
BRDA:383,1237,1,0
BRDA:386,1256,0,0
BRDA:386,1256,1,0
BRDA:394,1301,0,0
BRDA:395,1306,0,0
BRDA:396,1313,0,0
BRDA:405,1343,0,0
BRDA:417,1343,1,0
BRDA:481,1607,0,1
BRDA:489,1607,1,0
end_of_record
SF:C:\Users\cryptosmith\Documents\Clarity-Projects\Stacks-Grant\v5/contracts/stackspot-trait.clar
FNF:0
FNH:0
BRF:0
BRH:0
end_of_record
SF:C:\Users\cryptosmith\Documents\Clarity-Projects\Stacks-Grant\v5/contracts/stackspot-vrf.clar
FN:35,lower-16-le
FN:12,get-random-uint-at-block
FN:50,generate-list
FNF:3
FNH:0
DA:12,0
DA:13,0
DA:14,0
DA:15,0
DA:16,0
DA:17,0
DA:18,0
DA:19,0
DA:21,0
DA:22,0
DA:23,0
DA:24,0
DA:25,0
DA:26,0
DA:28,0
DA:35,0
DA:36,0
DA:50,0
DA:54,0
BRF:0
BRH:0
end_of_record
SF:C:\Users\cryptosmith\Documents\Clarity-Projects\Stacks-Grant\v5/contracts/stackspot-winners.clar
FN:9,log-winner
FNF:1
FNH:0
DA:9,0
DA:10,0
DA:11,0
DA:12,0
DA:13,0
BRF:1
BRH:0
BRDA:11,24,0,0
end_of_record
SF:C:\Users\cryptosmith\Documents\Clarity-Projects\Stacks-Grant\v5/contracts/stackspots.clar
FN:11,get-platform-treasury
FN:49,update-fee
FN:55,get-fee
FN:186,mint
FN:153,log-pot
FN:59,register-pot
FN:162,get-last-token-id
FN:166,get-token-uri
FN:170,get-owner
FN:174,get-token-id
FN:179,transfer
FN:231,get-pot-info
FN:241,dispatch-principals
FN:256,dispatch-rewards
FN:272,delegate-treasury
FNDA:4,get-fee
FNDA:4,get-platform-treasury
FNDA:4,register-pot
FNDA:1,update-fee
FNF:15
FNH:4
DA:11,4
DA:49,1
DA:50,1
DA:51,1
DA:52,1
DA:55,1
DA:56,4
DA:59,1
DA:70,4
DA:72,4
DA:73,4
DA:74,4
DA:75,4
DA:76,4
DA:77,4
DA:78,4
DA:79,4
DA:80,0
DA:81,0
DA:82,0
DA:83,0
DA:91,0
DA:92,0
DA:93,0
DA:94,0
DA:95,0
DA:96,0
DA:99,0
DA:100,0
DA:101,0
DA:104,0
DA:105,0
DA:106,0
DA:107,0
DA:109,0
DA:110,0
DA:111,0
DA:112,0
DA:113,0
DA:114,0
DA:116,0
DA:117,0
DA:118,0
DA:121,0
DA:125,0
DA:129,0
DA:130,0
DA:132,0
DA:133,0
DA:134,0
DA:135,0
DA:137,0
DA:138,0
DA:139,0
DA:140,0
DA:141,0
DA:142,0
DA:144,0
DA:145,0
DA:146,0
DA:149,0
DA:153,0
DA:154,0
DA:155,0
DA:156,0
DA:162,0
DA:163,0
DA:166,0
DA:167,0
DA:170,0
DA:171,0
DA:174,0
DA:175,0
DA:179,0
DA:180,0
DA:181,0
DA:182,0
DA:186,0
DA:187,0
DA:189,0
DA:190,0
DA:191,0
DA:192,0
DA:197,0
DA:198,0
DA:199,0
DA:203,0
DA:204,0
DA:207,0
DA:208,0
DA:209,0
DA:210,0
DA:211,0
DA:212,0
DA:214,0
DA:217,0
DA:218,0
DA:219,0
DA:220,0
DA:221,0
DA:222,0
DA:223,0
DA:224,0
DA:227,0
DA:231,0
DA:232,0
DA:234,0
DA:235,0
DA:237,0
DA:241,0
DA:242,0
DA:244,0
DA:245,0
DA:248,0
DA:249,0
DA:250,0
DA:252,0
DA:256,0
DA:257,0
DA:259,0
DA:260,0
DA:263,0
DA:264,0
DA:266,0
DA:268,0
DA:272,0
DA:273,0
DA:275,0
DA:276,0
DA:277,0
DA:280,0
DA:281,0
DA:282,0
DA:284,0
DA:286,0
DA:290,1
BRF:23
BRH:0
BRDA:51,155,0,0
BRDA:91,454,0,0
BRDA:92,465,0,0
BRDA:93,472,0,0
BRDA:94,479,0,0
BRDA:95,486,0,0
BRDA:96,495,0,0
BRDA:125,503,0,0
BRDA:155,331,0,0
BRDA:181,669,0,0
BRDA:197,212,0,0
BRDA:198,218,0,0
BRDA:199,227,0,0
BRDA:203,236,0,0
BRDA:204,252,0,0
BRDA:248,738,0,0
BRDA:249,747,0,0
BRDA:250,756,0,0
BRDA:263,795,0,0
BRDA:264,804,0,0
BRDA:280,862,0,0
BRDA:281,866,0,0
BRDA:282,875,0,0
end_of_record
